13:50:34 **** Incremental Build of configuration Debug for project 10_HAL_I2C_interrupt ****
make -j8 all 
arm-none-eabi-gcc "../Drivers/STM32L4xx_HAL_Driver/Src/stm32l4xx_hal.c" -mcpu=cortex-m4 -std=gnu11 -g3 -DDEBUG -DUSE_HAL_DRIVER -DSTM32L476xx -c -I"D:/BITSILICA_WORKSHEETS/STM32L476RG/Drivers/Drivers/STM32L4xx_HAL_Driver/Inc" -I"D:/BITSILICA_WORKSHEETS/STM32L476RG/Drivers/Drivers/CMSIS/Include" -O0 -ffunction-sections -fdata-sections -Wall -fstack-usage -fcyclomatic-complexity -MMD -MP -MF"Drivers/STM32L4xx_HAL_Driver/Src/stm32l4xx_hal.d" -MT"Drivers/STM32L4xx_HAL_Driver/Src/stm32l4xx_hal.o" --specs=nano.specs -mfpu=fpv4-sp-d16 -mfloat-abi=hard -mthumb -o "Drivers/STM32L4xx_HAL_Driver/Src/stm32l4xx_hal.o"
arm-none-eabi-gcc "../Drivers/STM32L4xx_HAL_Driver/Src/stm32l4xx_hal_cortex.c" -mcpu=cortex-m4 -std=gnu11 -g3 -DDEBUG -DUSE_HAL_DRIVER -DSTM32L476xx -c -I"D:/BITSILICA_WORKSHEETS/STM32L476RG/Drivers/Drivers/STM32L4xx_HAL_Driver/Inc" -I"D:/BITSILICA_WORKSHEETS/STM32L476RG/Drivers/Drivers/CMSIS/Include" -O0 -ffunction-sections -fdata-sections -Wall -fstack-usage -fcyclomatic-complexity -MMD -MP -MF"Drivers/STM32L4xx_HAL_Driver/Src/stm32l4xx_hal_cortex.d" -MT"Drivers/STM32L4xx_HAL_Driver/Src/stm32l4xx_hal_cortex.o" --specs=nano.specs -mfpu=fpv4-sp-d16 -mfloat-abi=hard -mthumb -o "Drivers/STM32L4xx_HAL_Driver/Src/stm32l4xx_hal_cortex.o"
arm-none-eabi-gcc "../Drivers/STM32L4xx_HAL_Driver/Src/stm32l4xx_hal_dma.c" -mcpu=cortex-m4 -std=gnu11 -g3 -DDEBUG -DUSE_HAL_DRIVER -DSTM32L476xx -c -I"D:/BITSILICA_WORKSHEETS/STM32L476RG/Drivers/Drivers/STM32L4xx_HAL_Driver/Inc" -I"D:/BITSILICA_WORKSHEETS/STM32L476RG/Drivers/Drivers/CMSIS/Include" -O0 -ffunction-sections -fdata-sections -Wall -fstack-usage -fcyclomatic-complexity -MMD -MP -MF"Drivers/STM32L4xx_HAL_Driver/Src/stm32l4xx_hal_dma.d" -MT"Drivers/STM32L4xx_HAL_Driver/Src/stm32l4xx_hal_dma.o" --specs=nano.specs -mfpu=fpv4-sp-d16 -mfloat-abi=hard -mthumb -o "Drivers/STM32L4xx_HAL_Driver/Src/stm32l4xx_hal_dma.o"
arm-none-eabi-gcc "../Drivers/STM32L4xx_HAL_Driver/Src/stm32l4xx_hal_dma_ex.c" -mcpu=cortex-m4 -std=gnu11 -g3 -DDEBUG -DUSE_HAL_DRIVER -DSTM32L476xx -c -I"D:/BITSILICA_WORKSHEETS/STM32L476RG/Drivers/Drivers/STM32L4xx_HAL_Driver/Inc" -I"D:/BITSILICA_WORKSHEETS/STM32L476RG/Drivers/Drivers/CMSIS/Include" -O0 -ffunction-sections -fdata-sections -Wall -fstack-usage -fcyclomatic-complexity -MMD -MP -MF"Drivers/STM32L4xx_HAL_Driver/Src/stm32l4xx_hal_dma_ex.d" -MT"Drivers/STM32L4xx_HAL_Driver/Src/stm32l4xx_hal_dma_ex.o" --specs=nano.specs -mfpu=fpv4-sp-d16 -mfloat-abi=hard -mthumb -o "Drivers/STM32L4xx_HAL_Driver/Src/stm32l4xx_hal_dma_ex.o"
arm-none-eabi-gcc "../Drivers/STM32L4xx_HAL_Driver/Src/stm32l4xx_hal_exti.c" -mcpu=cortex-m4 -std=gnu11 -g3 -DDEBUG -DUSE_HAL_DRIVER -DSTM32L476xx -c -I"D:/BITSILICA_WORKSHEETS/STM32L476RG/Drivers/Drivers/STM32L4xx_HAL_Driver/Inc" -I"D:/BITSILICA_WORKSHEETS/STM32L476RG/Drivers/Drivers/CMSIS/Include" -O0 -ffunction-sections -fdata-sections -Wall -fstack-usage -fcyclomatic-complexity -MMD -MP -MF"Drivers/STM32L4xx_HAL_Driver/Src/stm32l4xx_hal_exti.d" -MT"Drivers/STM32L4xx_HAL_Driver/Src/stm32l4xx_hal_exti.o" --specs=nano.specs -mfpu=fpv4-sp-d16 -mfloat-abi=hard -mthumb -o "Drivers/STM32L4xx_HAL_Driver/Src/stm32l4xx_hal_exti.o"
arm-none-eabi-gcc "../Drivers/STM32L4xx_HAL_Driver/Src/stm32l4xx_hal_flash.c" -mcpu=cortex-m4 -std=gnu11 -g3 -DDEBUG -DUSE_HAL_DRIVER -DSTM32L476xx -c -I"D:/BITSILICA_WORKSHEETS/STM32L476RG/Drivers/Drivers/STM32L4xx_HAL_Driver/Inc" -I"D:/BITSILICA_WORKSHEETS/STM32L476RG/Drivers/Drivers/CMSIS/Include" -O0 -ffunction-sections -fdata-sections -Wall -fstack-usage -fcyclomatic-complexity -MMD -MP -MF"Drivers/STM32L4xx_HAL_Driver/Src/stm32l4xx_hal_flash.d" -MT"Drivers/STM32L4xx_HAL_Driver/Src/stm32l4xx_hal_flash.o" --specs=nano.specs -mfpu=fpv4-sp-d16 -mfloat-abi=hard -mthumb -o "Drivers/STM32L4xx_HAL_Driver/Src/stm32l4xx_hal_flash.o"
arm-none-eabi-gcc "../Drivers/STM32L4xx_HAL_Driver/Src/stm32l4xx_hal_flash_ex.c" -mcpu=cortex-m4 -std=gnu11 -g3 -DDEBUG -DUSE_HAL_DRIVER -DSTM32L476xx -c -I"D:/BITSILICA_WORKSHEETS/STM32L476RG/Drivers/Drivers/STM32L4xx_HAL_Driver/Inc" -I"D:/BITSILICA_WORKSHEETS/STM32L476RG/Drivers/Drivers/CMSIS/Include" -O0 -ffunction-sections -fdata-sections -Wall -fstack-usage -fcyclomatic-complexity -MMD -MP -MF"Drivers/STM32L4xx_HAL_Driver/Src/stm32l4xx_hal_flash_ex.d" -MT"Drivers/STM32L4xx_HAL_Driver/Src/stm32l4xx_hal_flash_ex.o" --specs=nano.specs -mfpu=fpv4-sp-d16 -mfloat-abi=hard -mthumb -o "Drivers/STM32L4xx_HAL_Driver/Src/stm32l4xx_hal_flash_ex.o"
arm-none-eabi-gcc "../Drivers/STM32L4xx_HAL_Driver/Src/stm32l4xx_hal_flash_ramfunc.c" -mcpu=cortex-m4 -std=gnu11 -g3 -DDEBUG -DUSE_HAL_DRIVER -DSTM32L476xx -c -I"D:/BITSILICA_WORKSHEETS/STM32L476RG/Drivers/Drivers/STM32L4xx_HAL_Driver/Inc" -I"D:/BITSILICA_WORKSHEETS/STM32L476RG/Drivers/Drivers/CMSIS/Include" -O0 -ffunction-sections -fdata-sections -Wall -fstack-usage -fcyclomatic-complexity -MMD -MP -MF"Drivers/STM32L4xx_HAL_Driver/Src/stm32l4xx_hal_flash_ramfunc.d" -MT"Drivers/STM32L4xx_HAL_Driver/Src/stm32l4xx_hal_flash_ramfunc.o" --specs=nano.specs -mfpu=fpv4-sp-d16 -mfloat-abi=hard -mthumb -o "Drivers/STM32L4xx_HAL_Driver/Src/stm32l4xx_hal_flash_ramfunc.o"
In file included from ../Drivers/STM32L4xx_HAL_Driver/Src/stm32l4xx_hal_dma.c:91:
D:/BITSILICA_WORKSHEETS/STM32L476RG/Drivers/Drivers/STM32L4xx_HAL_Driver/Inc/stm32l4xx_hal.h:29:10: fatal error: stm32l4xx_hal_conf.h: No such file or directory
   29 | #include "stm32l4xx_hal_conf.h"
      |          ^~~~~~~~~~~~~~~~~~~~~~
In file included from ../Drivers/STM32L4xx_HAL_Driver/Src/stm32l4xx_hal_dma_ex.c:50:
D:/BITSILICA_WORKSHEETS/STM32L476RG/Drivers/Drivers/STM32L4xx_HAL_Driver/Inc/stm32l4xx_hal.h:29:10: fatal error: stm32l4xx_hal_conf.h: No such file or directory
   29 | #include "stm32l4xx_hal_conf.h"
      |          ^~~~~~~~~~~~~~~~~~~~~~
compilation terminated.
compilation terminated.
In file included from ../Drivers/STM32L4xx_HAL_Driver/Src/stm32l4xx_hal.c:36:
D:/BITSILICA_WORKSHEETS/STM32L476RG/Drivers/Drivers/STM32L4xx_HAL_Driver/Inc/stm32l4xx_hal.h:29:10: fatal error: stm32l4xx_hal_conf.h: No such file or directory
   29 | #include "stm32l4xx_hal_conf.h"
      |          ^~~~~~~~~~~~~~~~~~~~~~
compilation terminated.
In file included from ../Drivers/STM32L4xx_HAL_Driver/Src/stm32l4xx_hal_cortex.c:104:
D:/BITSILICA_WORKSHEETS/STM32L476RG/Drivers/Drivers/STM32L4xx_HAL_Driver/Inc/stm32l4xx_hal.h:29:10: fatal error: stm32l4xx_hal_conf.h: No such file or directory
   29 | #include "stm32l4xx_hal_conf.h"
      |          ^~~~~~~~~~~~~~~~~~~~~~
compilation terminated.
In file included from ../Drivers/STM32L4xx_HAL_Driver/Src/stm32l4xx_hal_flash.c:88:
D:/BITSILICA_WORKSHEETS/STM32L476RG/Drivers/Drivers/STM32L4xx_HAL_Driver/Inc/stm32l4xx_hal.h:29:10: fatal error: stm32l4xx_hal_conf.h: No such file or directory
   29 | #include "stm32l4xx_hal_conf.h"
      |          ^~~~~~~~~~~~~~~~~~~~~~
compilation terminated.
make: *** [Drivers/STM32L4xx_HAL_Driver/Src/subdir.mk:73: Drivers/STM32L4xx_HAL_Driver/Src/stm32l4xx_hal_dma_ex.o] Error 1
make: *** Waiting for unfinished jobs....
In file included from ../Drivers/STM32L4xx_HAL_Driver/Src/stm32l4xx_hal_flash_ex.c:61:
D:/BITSILICA_WORKSHEETS/STM32L476RG/Drivers/Drivers/STM32L4xx_HAL_Driver/Inc/stm32l4xx_hal.h:29:10: fatal error: stm32l4xx_hal_conf.h: No such file or directory
   29 | #include "stm32l4xx_hal_conf.h"
      |          ^~~~~~~~~~~~~~~~~~~~~~
compilation terminated.
make: *** [Drivers/STM32L4xx_HAL_Driver/Src/subdir.mk:73: Drivers/STM32L4xx_HAL_Driver/Src/stm32l4xx_hal_dma.o] Error 1
In file included from ../Drivers/STM32L4xx_HAL_Driver/Src/stm32l4xx_hal_exti.c:86:
D:/BITSILICA_WORKSHEETS/STM32L476RG/Drivers/Drivers/STM32L4xx_HAL_Driver/Inc/stm32l4xx_hal.h:29:10: fatal error: stm32l4xx_hal_conf.h: No such file or directory
   29 | #include "stm32l4xx_hal_conf.h"
      |          ^~~~~~~~~~~~~~~~~~~~~~
In file included from ../Drivers/STM32L4xx_HAL_Driver/Src/stm32l4xx_hal_flash_ramfunc.c:48:
D:/BITSILICA_WORKSHEETS/STM32L476RG/Drivers/Drivers/STM32L4xx_HAL_Driver/Inc/stm32l4xx_hal.h:29:10: fatal error: stm32l4xx_hal_conf.h: No such file or directory
   29 | #include "stm32l4xx_hal_conf.h"
      |          ^~~~~~~~~~~~~~~~~~~~~~
compilation terminated.
compilation terminated.
make: *** [Drivers/STM32L4xx_HAL_Driver/Src/subdir.mk:73: Drivers/STM32L4xx_HAL_Driver/Src/stm32l4xx_hal.o] Error 1
make: *** [Drivers/STM32L4xx_HAL_Driver/Src/subdir.mk:73: Drivers/STM32L4xx_HAL_Driver/Src/stm32l4xx_hal_cortex.o] Error 1
make: *** [Drivers/STM32L4xx_HAL_Driver/Src/subdir.mk:73: Drivers/STM32L4xx_HAL_Driver/Src/stm32l4xx_hal_flash.o] Error 1
make: *** [Drivers/STM32L4xx_HAL_Driver/Src/subdir.mk:73: Drivers/STM32L4xx_HAL_Driver/Src/stm32l4xx_hal_flash_ex.o] Error 1
make: *** [Drivers/STM32L4xx_HAL_Driver/Src/subdir.mk:73: Drivers/STM32L4xx_HAL_Driver/Src/stm32l4xx_hal_flash_ramfunc.o] Error 1
make: *** [Drivers/STM32L4xx_HAL_Driver/Src/subdir.mk:73: Drivers/STM32L4xx_HAL_Driver/Src/stm32l4xx_hal_exti.o] Error 1
"make -j8 all" terminated with exit code 2. Build might be incomplete.

13:50:37 Build Failed. 17 errors, 0 warnings. (took 3s.262ms)

