17:47:40 **** Build of configuration Debug for project 15_HAL_ADC ****
make -j8 all 
arm-none-eabi-gcc "../Drivers/STM32L4xx_HAL_Driver/Src/stm32l4xx_hal.c" -mcpu=cortex-m4 -std=gnu11 -g3 -DDEBUG -DUSE_HAL_DRIVER -DSTM32L476xx -c -I../Core/Inc -I../Drivers/STM32L4xx_HAL_Driver/Inc -I../Drivers/STM32L4xx_HAL_Driver/Inc/Legacy -I../Drivers/CMSIS/Device/ST/STM32L4xx/Include -I../Drivers/CMSIS/Include -O0 -ffunction-sections -fdata-sections -Wall -fstack-usage -fcyclomatic-complexity -MMD -MP -MF"Drivers/STM32L4xx_HAL_Driver/Src/stm32l4xx_hal.d" -MT"Drivers/STM32L4xx_HAL_Driver/Src/stm32l4xx_hal.o" --specs=nano.specs -mfpu=fpv4-sp-d16 -mfloat-abi=hard -mthumb -o "Drivers/STM32L4xx_HAL_Driver/Src/stm32l4xx_hal.o"
arm-none-eabi-gcc "../Drivers/STM32L4xx_HAL_Driver/Src/stm32l4xx_hal_cortex.c" -mcpu=cortex-m4 -std=gnu11 -g3 -DDEBUG -DUSE_HAL_DRIVER -DSTM32L476xx -c -I../Core/Inc -I../Drivers/STM32L4xx_HAL_Driver/Inc -I../Drivers/STM32L4xx_HAL_Driver/Inc/Legacy -I../Drivers/CMSIS/Device/ST/STM32L4xx/Include -I../Drivers/CMSIS/Include -O0 -ffunction-sections -fdata-sections -Wall -fstack-usage -fcyclomatic-complexity -MMD -MP -MF"Drivers/STM32L4xx_HAL_Driver/Src/stm32l4xx_hal_cortex.d" -MT"Drivers/STM32L4xx_HAL_Driver/Src/stm32l4xx_hal_cortex.o" --specs=nano.specs -mfpu=fpv4-sp-d16 -mfloat-abi=hard -mthumb -o "Drivers/STM32L4xx_HAL_Driver/Src/stm32l4xx_hal_cortex.o"
arm-none-eabi-gcc "../Drivers/STM32L4xx_HAL_Driver/Src/stm32l4xx_hal_dma.c" -mcpu=cortex-m4 -std=gnu11 -g3 -DDEBUG -DUSE_HAL_DRIVER -DSTM32L476xx -c -I../Core/Inc -I../Drivers/STM32L4xx_HAL_Driver/Inc -I../Drivers/STM32L4xx_HAL_Driver/Inc/Legacy -I../Drivers/CMSIS/Device/ST/STM32L4xx/Include -I../Drivers/CMSIS/Include -O0 -ffunction-sections -fdata-sections -Wall -fstack-usage -fcyclomatic-complexity -MMD -MP -MF"Drivers/STM32L4xx_HAL_Driver/Src/stm32l4xx_hal_dma.d" -MT"Drivers/STM32L4xx_HAL_Driver/Src/stm32l4xx_hal_dma.o" --specs=nano.specs -mfpu=fpv4-sp-d16 -mfloat-abi=hard -mthumb -o "Drivers/STM32L4xx_HAL_Driver/Src/stm32l4xx_hal_dma.o"
arm-none-eabi-gcc "../Drivers/STM32L4xx_HAL_Driver/Src/stm32l4xx_hal_dma_ex.c" -mcpu=cortex-m4 -std=gnu11 -g3 -DDEBUG -DUSE_HAL_DRIVER -DSTM32L476xx -c -I../Core/Inc -I../Drivers/STM32L4xx_HAL_Driver/Inc -I../Drivers/STM32L4xx_HAL_Driver/Inc/Legacy -I../Drivers/CMSIS/Device/ST/STM32L4xx/Include -I../Drivers/CMSIS/Include -O0 -ffunction-sections -fdata-sections -Wall -fstack-usage -fcyclomatic-complexity -MMD -MP -MF"Drivers/STM32L4xx_HAL_Driver/Src/stm32l4xx_hal_dma_ex.d" -MT"Drivers/STM32L4xx_HAL_Driver/Src/stm32l4xx_hal_dma_ex.o" --specs=nano.specs -mfpu=fpv4-sp-d16 -mfloat-abi=hard -mthumb -o "Drivers/STM32L4xx_HAL_Driver/Src/stm32l4xx_hal_dma_ex.o"
arm-none-eabi-gcc "../Drivers/STM32L4xx_HAL_Driver/Src/stm32l4xx_hal_exti.c" -mcpu=cortex-m4 -std=gnu11 -g3 -DDEBUG -DUSE_HAL_DRIVER -DSTM32L476xx -c -I../Core/Inc -I../Drivers/STM32L4xx_HAL_Driver/Inc -I../Drivers/STM32L4xx_HAL_Driver/Inc/Legacy -I../Drivers/CMSIS/Device/ST/STM32L4xx/Include -I../Drivers/CMSIS/Include -O0 -ffunction-sections -fdata-sections -Wall -fstack-usage -fcyclomatic-complexity -MMD -MP -MF"Drivers/STM32L4xx_HAL_Driver/Src/stm32l4xx_hal_exti.d" -MT"Drivers/STM32L4xx_HAL_Driver/Src/stm32l4xx_hal_exti.o" --specs=nano.specs -mfpu=fpv4-sp-d16 -mfloat-abi=hard -mthumb -o "Drivers/STM32L4xx_HAL_Driver/Src/stm32l4xx_hal_exti.o"
arm-none-eabi-gcc "../Drivers/STM32L4xx_HAL_Driver/Src/stm32l4xx_hal_flash.c" -mcpu=cortex-m4 -std=gnu11 -g3 -DDEBUG -DUSE_HAL_DRIVER -DSTM32L476xx -c -I../Core/Inc -I../Drivers/STM32L4xx_HAL_Driver/Inc -I../Drivers/STM32L4xx_HAL_Driver/Inc/Legacy -I../Drivers/CMSIS/Device/ST/STM32L4xx/Include -I../Drivers/CMSIS/Include -O0 -ffunction-sections -fdata-sections -Wall -fstack-usage -fcyclomatic-complexity -MMD -MP -MF"Drivers/STM32L4xx_HAL_Driver/Src/stm32l4xx_hal_flash.d" -MT"Drivers/STM32L4xx_HAL_Driver/Src/stm32l4xx_hal_flash.o" --specs=nano.specs -mfpu=fpv4-sp-d16 -mfloat-abi=hard -mthumb -o "Drivers/STM32L4xx_HAL_Driver/Src/stm32l4xx_hal_flash.o"
arm-none-eabi-gcc "../Drivers/STM32L4xx_HAL_Driver/Src/stm32l4xx_hal_flash_ex.c" -mcpu=cortex-m4 -std=gnu11 -g3 -DDEBUG -DUSE_HAL_DRIVER -DSTM32L476xx -c -I../Core/Inc -I../Drivers/STM32L4xx_HAL_Driver/Inc -I../Drivers/STM32L4xx_HAL_Driver/Inc/Legacy -I../Drivers/CMSIS/Device/ST/STM32L4xx/Include -I../Drivers/CMSIS/Include -O0 -ffunction-sections -fdata-sections -Wall -fstack-usage -fcyclomatic-complexity -MMD -MP -MF"Drivers/STM32L4xx_HAL_Driver/Src/stm32l4xx_hal_flash_ex.d" -MT"Drivers/STM32L4xx_HAL_Driver/Src/stm32l4xx_hal_flash_ex.o" --specs=nano.specs -mfpu=fpv4-sp-d16 -mfloat-abi=hard -mthumb -o "Drivers/STM32L4xx_HAL_Driver/Src/stm32l4xx_hal_flash_ex.o"
arm-none-eabi-gcc "../Drivers/STM32L4xx_HAL_Driver/Src/stm32l4xx_hal_flash_ramfunc.c" -mcpu=cortex-m4 -std=gnu11 -g3 -DDEBUG -DUSE_HAL_DRIVER -DSTM32L476xx -c -I../Core/Inc -I../Drivers/STM32L4xx_HAL_Driver/Inc -I../Drivers/STM32L4xx_HAL_Driver/Inc/Legacy -I../Drivers/CMSIS/Device/ST/STM32L4xx/Include -I../Drivers/CMSIS/Include -O0 -ffunction-sections -fdata-sections -Wall -fstack-usage -fcyclomatic-complexity -MMD -MP -MF"Drivers/STM32L4xx_HAL_Driver/Src/stm32l4xx_hal_flash_ramfunc.d" -MT"Drivers/STM32L4xx_HAL_Driver/Src/stm32l4xx_hal_flash_ramfunc.o" --specs=nano.specs -mfpu=fpv4-sp-d16 -mfloat-abi=hard -mthumb -o "Drivers/STM32L4xx_HAL_Driver/Src/stm32l4xx_hal_flash_ramfunc.o"
In file included from ../Core/Inc/stm32l4xx_hal_conf.h:442,
                 from ../Drivers/STM32L4xx_HAL_Driver/Inc/stm32l4xx_hal.h:29,
                 from ../Drivers/STM32L4xx_HAL_Driver/Src/stm32l4xx_hal_flash.c:88:
../Drivers/STM32L4xx_HAL_Driver/Inc/stm32l4xx_hal_tim.h:1004: warning: "TIM_OCMODE_ASSYMETRIC_PWM1" redefined
 1004 | #define TIM_OCMODE_ASSYMETRIC_PWM1         (TIM_CCMR1_OC1M_3 | TIM_CCMR1_OC1M_1 | TIM_CCMR1_OC1M_2)  /*!< Asymmetric PWM mode 1                  */
      | 
In file included from ../Drivers/STM32L4xx_HAL_Driver/Inc/stm32l4xx_hal_def.h:30,
                 from ../Drivers/STM32L4xx_HAL_Driver/Inc/stm32l4xx_hal_rcc.h:27,
                 from ../Core/Inc/stm32l4xx_hal_conf.h:258:
../Drivers/STM32L4xx_HAL_Driver/Inc/Legacy/stm32_hal_legacy.h:4258: note: this is the location of the previous definition
 4258 | #define TIM_OCMODE_ASSYMETRIC_PWM1      TIM_OCMODE_ASYMMETRIC_PWM1
      | 
../Drivers/STM32L4xx_HAL_Driver/Inc/stm32l4xx_hal_tim.h:1005: warning: "TIM_OCMODE_ASSYMETRIC_PWM2" redefined
 1005 | #define TIM_OCMODE_ASSYMETRIC_PWM2         TIM_CCMR1_OC1M                                            /*!< Asymmetric PWM mode 2                  */
      | 
../Drivers/STM32L4xx_HAL_Driver/Inc/Legacy/stm32_hal_legacy.h:4259: note: this is the location of the previous definition
 4259 | #define TIM_OCMODE_ASSYMETRIC_PWM2      TIM_OCMODE_ASYMMETRIC_PWM2
      | 
In file included from ../Core/Inc/stm32l4xx_hal_conf.h:442,
                 from ../Drivers/STM32L4xx_HAL_Driver/Inc/stm32l4xx_hal.h:29,
                 from ../Drivers/STM32L4xx_HAL_Driver/Src/stm32l4xx_hal_dma_ex.c:50:
../Drivers/STM32L4xx_HAL_Driver/Inc/stm32l4xx_hal_tim.h:1004: warning: "TIM_OCMODE_ASSYMETRIC_PWM1" redefined
 1004 | #define TIM_OCMODE_ASSYMETRIC_PWM1         (TIM_CCMR1_OC1M_3 | TIM_CCMR1_OC1M_1 | TIM_CCMR1_OC1M_2)  /*!< Asymmetric PWM mode 1                  */
      | 
In file included from ../Core/Inc/stm32l4xx_hal_conf.h:442,
                 from ../Drivers/STM32L4xx_HAL_Driver/Inc/stm32l4xx_hal.h:29,
                 from ../Drivers/STM32L4xx_HAL_Driver/Src/stm32l4xx_hal_flash_ex.c:61:
../Drivers/STM32L4xx_HAL_Driver/Inc/stm32l4xx_hal_tim.h:1004: warning: "TIM_OCMODE_ASSYMETRIC_PWM1" redefined
 1004 | #define TIM_OCMODE_ASSYMETRIC_PWM1         (TIM_CCMR1_OC1M_3 | TIM_CCMR1_OC1M_1 | TIM_CCMR1_OC1M_2)  /*!< Asymmetric PWM mode 1                  */
      | 
In file included from ../Drivers/STM32L4xx_HAL_Driver/Inc/stm32l4xx_hal_def.h:30,
                 from ../Drivers/STM32L4xx_HAL_Driver/Inc/stm32l4xx_hal_rcc.h:27,
                 from ../Core/Inc/stm32l4xx_hal_conf.h:258:
../Drivers/STM32L4xx_HAL_Driver/Inc/Legacy/stm32_hal_legacy.h:4258: note: this is the location of the previous definition
 4258 | #define TIM_OCMODE_ASSYMETRIC_PWM1      TIM_OCMODE_ASYMMETRIC_PWM1
      | 
../Drivers/STM32L4xx_HAL_Driver/Inc/stm32l4xx_hal_tim.h:1005: warning: "TIM_OCMODE_ASSYMETRIC_PWM2" redefined
 1005 | #define TIM_OCMODE_ASSYMETRIC_PWM2         TIM_CCMR1_OC1M                                            /*!< Asymmetric PWM mode 2                  */
      | 
../Drivers/STM32L4xx_HAL_Driver/Inc/Legacy/stm32_hal_legacy.h:4259: note: this is the location of the previous definition
 4259 | #define TIM_OCMODE_ASSYMETRIC_PWM2      TIM_OCMODE_ASYMMETRIC_PWM2
      | 
In file included from ../Core/Inc/stm32l4xx_hal_conf.h:442,
                 from ../Drivers/STM32L4xx_HAL_Driver/Inc/stm32l4xx_hal.h:29,
                 from ../Drivers/STM32L4xx_HAL_Driver/Src/stm32l4xx_hal_exti.c:86:
../Drivers/STM32L4xx_HAL_Driver/Inc/stm32l4xx_hal_tim.h:1004: warning: "TIM_OCMODE_ASSYMETRIC_PWM1" redefined
 1004 | #define TIM_OCMODE_ASSYMETRIC_PWM1         (TIM_CCMR1_OC1M_3 | TIM_CCMR1_OC1M_1 | TIM_CCMR1_OC1M_2)  /*!< Asymmetric PWM mode 1                  */
      | 
In file included from ../Drivers/STM32L4xx_HAL_Driver/Inc/stm32l4xx_hal_def.h:30,
                 from ../Drivers/STM32L4xx_HAL_Driver/Inc/stm32l4xx_hal_rcc.h:27,
                 from ../Core/Inc/stm32l4xx_hal_conf.h:258:
../Drivers/STM32L4xx_HAL_Driver/Inc/Legacy/stm32_hal_legacy.h:4258: note: this is the location of the previous definition
 4258 | #define TIM_OCMODE_ASSYMETRIC_PWM1      TIM_OCMODE_ASYMMETRIC_PWM1
      | 
In file included from ../Core/Inc/stm32l4xx_hal_conf.h:442,
                 from ../Drivers/STM32L4xx_HAL_Driver/Inc/stm32l4xx_hal.h:29,
                 from ../Drivers/STM32L4xx_HAL_Driver/Src/stm32l4xx_hal_flash_ramfunc.c:48:
../Drivers/STM32L4xx_HAL_Driver/Inc/stm32l4xx_hal_tim.h:1004: warning: "TIM_OCMODE_ASSYMETRIC_PWM1" redefined
 1004 | #define TIM_OCMODE_ASSYMETRIC_PWM1         (TIM_CCMR1_OC1M_3 | TIM_CCMR1_OC1M_1 | TIM_CCMR1_OC1M_2)  /*!< Asymmetric PWM mode 1                  */
      | 
In file included from ../Core/Inc/stm32l4xx_hal_conf.h:442,
                 from ../Drivers/STM32L4xx_HAL_Driver/Inc/stm32l4xx_hal.h:29,
                 from ../Drivers/STM32L4xx_HAL_Driver/Src/stm32l4xx_hal.c:36:
../Drivers/STM32L4xx_HAL_Driver/Inc/stm32l4xx_hal_tim.h:1004: warning: "TIM_OCMODE_ASSYMETRIC_PWM1" redefined
 1004 | #define TIM_OCMODE_ASSYMETRIC_PWM1         (TIM_CCMR1_OC1M_3 | TIM_CCMR1_OC1M_1 | TIM_CCMR1_OC1M_2)  /*!< Asymmetric PWM mode 1                  */
      | 
../Drivers/STM32L4xx_HAL_Driver/Inc/stm32l4xx_hal_tim.h:1005: warning: "TIM_OCMODE_ASSYMETRIC_PWM2" redefined
 1005 | #define TIM_OCMODE_ASSYMETRIC_PWM2         TIM_CCMR1_OC1M                                            /*!< Asymmetric PWM mode 2                  */
      | 
In file included from ../Drivers/STM32L4xx_HAL_Driver/Inc/stm32l4xx_hal_def.h:30,
                 from ../Drivers/STM32L4xx_HAL_Driver/Inc/stm32l4xx_hal_rcc.h:27,
                 from ../Core/Inc/stm32l4xx_hal_conf.h:258:
../Drivers/STM32L4xx_HAL_Driver/Inc/Legacy/stm32_hal_legacy.h:4258: note: this is the location of the previous definition
 4258 | #define TIM_OCMODE_ASSYMETRIC_PWM1      TIM_OCMODE_ASYMMETRIC_PWM1
      | 
In file included from ../Core/Inc/stm32l4xx_hal_conf.h:442,
                 from ../Drivers/STM32L4xx_HAL_Driver/Inc/stm32l4xx_hal.h:29,
                 from ../Drivers/STM32L4xx_HAL_Driver/Src/stm32l4xx_hal_dma.c:91:
../Drivers/STM32L4xx_HAL_Driver/Inc/stm32l4xx_hal_tim.h:1004: warning: "TIM_OCMODE_ASSYMETRIC_PWM1" redefined
 1004 | #define TIM_OCMODE_ASSYMETRIC_PWM1         (TIM_CCMR1_OC1M_3 | TIM_CCMR1_OC1M_1 | TIM_CCMR1_OC1M_2)  /*!< Asymmetric PWM mode 1                  */
      | 
In file included from ../Drivers/STM32L4xx_HAL_Driver/Inc/stm32l4xx_hal_def.h:30,
                 from ../Drivers/STM32L4xx_HAL_Driver/Inc/stm32l4xx_hal_rcc.h:27,
                 from ../Core/Inc/stm32l4xx_hal_conf.h:258:
../Drivers/STM32L4xx_HAL_Driver/Inc/Legacy/stm32_hal_legacy.h:4258: note: this is the location of the previous definition
 4258 | #define TIM_OCMODE_ASSYMETRIC_PWM1      TIM_OCMODE_ASYMMETRIC_PWM1
      | 
In file included from ../Drivers/STM32L4xx_HAL_Driver/Inc/stm32l4xx_hal_def.h:30,
                 from ../Drivers/STM32L4xx_HAL_Driver/Inc/stm32l4xx_hal_rcc.h:27,
                 from ../Core/Inc/stm32l4xx_hal_conf.h:258:
../Drivers/STM32L4xx_HAL_Driver/Inc/Legacy/stm32_hal_legacy.h:4258: note: this is the location of the previous definition
 4258 | #define TIM_OCMODE_ASSYMETRIC_PWM1      TIM_OCMODE_ASYMMETRIC_PWM1
      | 
../Drivers/STM32L4xx_HAL_Driver/Inc/Legacy/stm32_hal_legacy.h:4259: note: this is the location of the previous definition
 4259 | #define TIM_OCMODE_ASSYMETRIC_PWM2      TIM_OCMODE_ASYMMETRIC_PWM2
      | 
../Drivers/STM32L4xx_HAL_Driver/Inc/stm32l4xx_hal_tim.h:1005: warning: "TIM_OCMODE_ASSYMETRIC_PWM2" redefined
 1005 | #define TIM_OCMODE_ASSYMETRIC_PWM2         TIM_CCMR1_OC1M                                            /*!< Asymmetric PWM mode 2                  */
      | 
../Drivers/STM32L4xx_HAL_Driver/Inc/stm32l4xx_hal_tim.h:1005: warning: "TIM_OCMODE_ASSYMETRIC_PWM2" redefined
 1005 | #define TIM_OCMODE_ASSYMETRIC_PWM2         TIM_CCMR1_OC1M                                            /*!< Asymmetric PWM mode 2                  */
      | 
In file included from ../Drivers/STM32L4xx_HAL_Driver/Inc/stm32l4xx_hal_def.h:30,
                 from ../Drivers/STM32L4xx_HAL_Driver/Inc/stm32l4xx_hal_rcc.h:27,
                 from ../Core/Inc/stm32l4xx_hal_conf.h:258:
../Drivers/STM32L4xx_HAL_Driver/Inc/Legacy/stm32_hal_legacy.h:4258: note: this is the location of the previous definition
 4258 | #define TIM_OCMODE_ASSYMETRIC_PWM1      TIM_OCMODE_ASYMMETRIC_PWM1
      | 
In file included from ../Core/Inc/stm32l4xx_hal_conf.h:442,
                 from ../Drivers/STM32L4xx_HAL_Driver/Inc/stm32l4xx_hal.h:29,
                 from ../Drivers/STM32L4xx_HAL_Driver/Src/stm32l4xx_hal_cortex.c:104:
../Drivers/STM32L4xx_HAL_Driver/Inc/stm32l4xx_hal_tim.h:1004: warning: "TIM_OCMODE_ASSYMETRIC_PWM1" redefined
 1004 | #define TIM_OCMODE_ASSYMETRIC_PWM1         (TIM_CCMR1_OC1M_3 | TIM_CCMR1_OC1M_1 | TIM_CCMR1_OC1M_2)  /*!< Asymmetric PWM mode 1                  */
      | 
../Drivers/STM32L4xx_HAL_Driver/Inc/Legacy/stm32_hal_legacy.h:4259: note: this is the location of the previous definition
 4259 | #define TIM_OCMODE_ASSYMETRIC_PWM2      TIM_OCMODE_ASYMMETRIC_PWM2
      | 
../Drivers/STM32L4xx_HAL_Driver/Inc/stm32l4xx_hal_tim.h:1005: warning: "TIM_OCMODE_ASSYMETRIC_PWM2" redefined
 1005 | #define TIM_OCMODE_ASSYMETRIC_PWM2         TIM_CCMR1_OC1M                                            /*!< Asymmetric PWM mode 2                  */
      | 
../Drivers/STM32L4xx_HAL_Driver/Inc/Legacy/stm32_hal_legacy.h:4259: note: this is the location of the previous definition
 4259 | #define TIM_OCMODE_ASSYMETRIC_PWM2      TIM_OCMODE_ASYMMETRIC_PWM2
      | 
../Drivers/STM32L4xx_HAL_Driver/Inc/stm32l4xx_hal_tim.h:1005: warning: "TIM_OCMODE_ASSYMETRIC_PWM2" redefined
 1005 | #define TIM_OCMODE_ASSYMETRIC_PWM2         TIM_CCMR1_OC1M                                            /*!< Asymmetric PWM mode 2                  */
      | 
../Drivers/STM32L4xx_HAL_Driver/Inc/Legacy/stm32_hal_legacy.h:4259: note: this is the location of the previous definition
 4259 | #define TIM_OCMODE_ASSYMETRIC_PWM2      TIM_OCMODE_ASYMMETRIC_PWM2
      | 
In file included from ../Drivers/STM32L4xx_HAL_Driver/Inc/stm32l4xx_hal_def.h:30,
                 from ../Drivers/STM32L4xx_HAL_Driver/Inc/stm32l4xx_hal_rcc.h:27,
                 from ../Core/Inc/stm32l4xx_hal_conf.h:258:
../Drivers/STM32L4xx_HAL_Driver/Inc/Legacy/stm32_hal_legacy.h:4258: note: this is the location of the previous definition
 4258 | #define TIM_OCMODE_ASSYMETRIC_PWM1      TIM_OCMODE_ASYMMETRIC_PWM1
      | 
../Drivers/STM32L4xx_HAL_Driver/Inc/Legacy/stm32_hal_legacy.h:4259: note: this is the location of the previous definition
 4259 | #define TIM_OCMODE_ASSYMETRIC_PWM2      TIM_OCMODE_ASYMMETRIC_PWM2
      | 
../Drivers/STM32L4xx_HAL_Driver/Inc/stm32l4xx_hal_tim.h:1005: warning: "TIM_OCMODE_ASSYMETRIC_PWM2" redefined
 1005 | #define TIM_OCMODE_ASSYMETRIC_PWM2         TIM_CCMR1_OC1M                                            /*!< Asymmetric PWM mode 2                  */
      | 
../Drivers/STM32L4xx_HAL_Driver/Inc/Legacy/stm32_hal_legacy.h:4259: note: this is the location of the previous definition
 4259 | #define TIM_OCMODE_ASSYMETRIC_PWM2      TIM_OCMODE_ASYMMETRIC_PWM2
      | 
arm-none-eabi-gcc "../Drivers/STM32L4xx_HAL_Driver/Src/stm32l4xx_hal_gpio.c" -mcpu=cortex-m4 -std=gnu11 -g3 -DDEBUG -DUSE_HAL_DRIVER -DSTM32L476xx -c -I../Core/Inc -I../Drivers/STM32L4xx_HAL_Driver/Inc -I../Drivers/STM32L4xx_HAL_Driver/Inc/Legacy -I../Drivers/CMSIS/Device/ST/STM32L4xx/Include -I../Drivers/CMSIS/Include -O0 -ffunction-sections -fdata-sections -Wall -fstack-usage -fcyclomatic-complexity -MMD -MP -MF"Drivers/STM32L4xx_HAL_Driver/Src/stm32l4xx_hal_gpio.d" -MT"Drivers/STM32L4xx_HAL_Driver/Src/stm32l4xx_hal_gpio.o" --specs=nano.specs -mfpu=fpv4-sp-d16 -mfloat-abi=hard -mthumb -o "Drivers/STM32L4xx_HAL_Driver/Src/stm32l4xx_hal_gpio.o"
arm-none-eabi-gcc "../Drivers/STM32L4xx_HAL_Driver/Src/stm32l4xx_hal_i2c.c" -mcpu=cortex-m4 -std=gnu11 -g3 -DDEBUG -DUSE_HAL_DRIVER -DSTM32L476xx -c -I../Core/Inc -I../Drivers/STM32L4xx_HAL_Driver/Inc -I../Drivers/STM32L4xx_HAL_Driver/Inc/Legacy -I../Drivers/CMSIS/Device/ST/STM32L4xx/Include -I../Drivers/CMSIS/Include -O0 -ffunction-sections -fdata-sections -Wall -fstack-usage -fcyclomatic-complexity -MMD -MP -MF"Drivers/STM32L4xx_HAL_Driver/Src/stm32l4xx_hal_i2c.d" -MT"Drivers/STM32L4xx_HAL_Driver/Src/stm32l4xx_hal_i2c.o" --specs=nano.specs -mfpu=fpv4-sp-d16 -mfloat-abi=hard -mthumb -o "Drivers/STM32L4xx_HAL_Driver/Src/stm32l4xx_hal_i2c.o"
arm-none-eabi-gcc "../Drivers/STM32L4xx_HAL_Driver/Src/stm32l4xx_hal_i2c_ex.c" -mcpu=cortex-m4 -std=gnu11 -g3 -DDEBUG -DUSE_HAL_DRIVER -DSTM32L476xx -c -I../Core/Inc -I../Drivers/STM32L4xx_HAL_Driver/Inc -I../Drivers/STM32L4xx_HAL_Driver/Inc/Legacy -I../Drivers/CMSIS/Device/ST/STM32L4xx/Include -I../Drivers/CMSIS/Include -O0 -ffunction-sections -fdata-sections -Wall -fstack-usage -fcyclomatic-complexity -MMD -MP -MF"Drivers/STM32L4xx_HAL_Driver/Src/stm32l4xx_hal_i2c_ex.d" -MT"Drivers/STM32L4xx_HAL_Driver/Src/stm32l4xx_hal_i2c_ex.o" --specs=nano.specs -mfpu=fpv4-sp-d16 -mfloat-abi=hard -mthumb -o "Drivers/STM32L4xx_HAL_Driver/Src/stm32l4xx_hal_i2c_ex.o"
arm-none-eabi-gcc "../Drivers/STM32L4xx_HAL_Driver/Src/stm32l4xx_hal_pwr.c" -mcpu=cortex-m4 -std=gnu11 -g3 -DDEBUG -DUSE_HAL_DRIVER -DSTM32L476xx -c -I../Core/Inc -I../Drivers/STM32L4xx_HAL_Driver/Inc -I../Drivers/STM32L4xx_HAL_Driver/Inc/Legacy -I../Drivers/CMSIS/Device/ST/STM32L4xx/Include -I../Drivers/CMSIS/Include -O0 -ffunction-sections -fdata-sections -Wall -fstack-usage -fcyclomatic-complexity -MMD -MP -MF"Drivers/STM32L4xx_HAL_Driver/Src/stm32l4xx_hal_pwr.d" -MT"Drivers/STM32L4xx_HAL_Driver/Src/stm32l4xx_hal_pwr.o" --specs=nano.specs -mfpu=fpv4-sp-d16 -mfloat-abi=hard -mthumb -o "Drivers/STM32L4xx_HAL_Driver/Src/stm32l4xx_hal_pwr.o"
arm-none-eabi-gcc "../Drivers/STM32L4xx_HAL_Driver/Src/stm32l4xx_hal_pwr_ex.c" -mcpu=cortex-m4 -std=gnu11 -g3 -DDEBUG -DUSE_HAL_DRIVER -DSTM32L476xx -c -I../Core/Inc -I../Drivers/STM32L4xx_HAL_Driver/Inc -I../Drivers/STM32L4xx_HAL_Driver/Inc/Legacy -I../Drivers/CMSIS/Device/ST/STM32L4xx/Include -I../Drivers/CMSIS/Include -O0 -ffunction-sections -fdata-sections -Wall -fstack-usage -fcyclomatic-complexity -MMD -MP -MF"Drivers/STM32L4xx_HAL_Driver/Src/stm32l4xx_hal_pwr_ex.d" -MT"Drivers/STM32L4xx_HAL_Driver/Src/stm32l4xx_hal_pwr_ex.o" --specs=nano.specs -mfpu=fpv4-sp-d16 -mfloat-abi=hard -mthumb -o "Drivers/STM32L4xx_HAL_Driver/Src/stm32l4xx_hal_pwr_ex.o"
arm-none-eabi-gcc "../Drivers/STM32L4xx_HAL_Driver/Src/stm32l4xx_hal_rcc.c" -mcpu=cortex-m4 -std=gnu11 -g3 -DDEBUG -DUSE_HAL_DRIVER -DSTM32L476xx -c -I../Core/Inc -I../Drivers/STM32L4xx_HAL_Driver/Inc -I../Drivers/STM32L4xx_HAL_Driver/Inc/Legacy -I../Drivers/CMSIS/Device/ST/STM32L4xx/Include -I../Drivers/CMSIS/Include -O0 -ffunction-sections -fdata-sections -Wall -fstack-usage -fcyclomatic-complexity -MMD -MP -MF"Drivers/STM32L4xx_HAL_Driver/Src/stm32l4xx_hal_rcc.d" -MT"Drivers/STM32L4xx_HAL_Driver/Src/stm32l4xx_hal_rcc.o" --specs=nano.specs -mfpu=fpv4-sp-d16 -mfloat-abi=hard -mthumb -o "Drivers/STM32L4xx_HAL_Driver/Src/stm32l4xx_hal_rcc.o"
arm-none-eabi-gcc "../Drivers/STM32L4xx_HAL_Driver/Src/stm32l4xx_hal_rcc_ex.c" -mcpu=cortex-m4 -std=gnu11 -g3 -DDEBUG -DUSE_HAL_DRIVER -DSTM32L476xx -c -I../Core/Inc -I../Drivers/STM32L4xx_HAL_Driver/Inc -I../Drivers/STM32L4xx_HAL_Driver/Inc/Legacy -I../Drivers/CMSIS/Device/ST/STM32L4xx/Include -I../Drivers/CMSIS/Include -O0 -ffunction-sections -fdata-sections -Wall -fstack-usage -fcyclomatic-complexity -MMD -MP -MF"Drivers/STM32L4xx_HAL_Driver/Src/stm32l4xx_hal_rcc_ex.d" -MT"Drivers/STM32L4xx_HAL_Driver/Src/stm32l4xx_hal_rcc_ex.o" --specs=nano.specs -mfpu=fpv4-sp-d16 -mfloat-abi=hard -mthumb -o "Drivers/STM32L4xx_HAL_Driver/Src/stm32l4xx_hal_rcc_ex.o"
arm-none-eabi-gcc "../Drivers/STM32L4xx_HAL_Driver/Src/stm32l4xx_hal_spi.c" -mcpu=cortex-m4 -std=gnu11 -g3 -DDEBUG -DUSE_HAL_DRIVER -DSTM32L476xx -c -I../Core/Inc -I../Drivers/STM32L4xx_HAL_Driver/Inc -I../Drivers/STM32L4xx_HAL_Driver/Inc/Legacy -I../Drivers/CMSIS/Device/ST/STM32L4xx/Include -I../Drivers/CMSIS/Include -O0 -ffunction-sections -fdata-sections -Wall -fstack-usage -fcyclomatic-complexity -MMD -MP -MF"Drivers/STM32L4xx_HAL_Driver/Src/stm32l4xx_hal_spi.d" -MT"Drivers/STM32L4xx_HAL_Driver/Src/stm32l4xx_hal_spi.o" --specs=nano.specs -mfpu=fpv4-sp-d16 -mfloat-abi=hard -mthumb -o "Drivers/STM32L4xx_HAL_Driver/Src/stm32l4xx_hal_spi.o"
In file included from ../Core/Inc/stm32l4xx_hal_conf.h:442,
                 from ../Drivers/STM32L4xx_HAL_Driver/Inc/stm32l4xx_hal.h:29,
                 from ../Drivers/STM32L4xx_HAL_Driver/Src/stm32l4xx_hal_gpio.c:106:
../Drivers/STM32L4xx_HAL_Driver/Inc/stm32l4xx_hal_tim.h:1004: warning: "TIM_OCMODE_ASSYMETRIC_PWM1" redefined
 1004 | #define TIM_OCMODE_ASSYMETRIC_PWM1         (TIM_CCMR1_OC1M_3 | TIM_CCMR1_OC1M_1 | TIM_CCMR1_OC1M_2)  /*!< Asymmetric PWM mode 1                  */
      | 
In file included from ../Drivers/STM32L4xx_HAL_Driver/Inc/stm32l4xx_hal_def.h:30,
                 from ../Drivers/STM32L4xx_HAL_Driver/Inc/stm32l4xx_hal_rcc.h:27,
                 from ../Core/Inc/stm32l4xx_hal_conf.h:258:
../Drivers/STM32L4xx_HAL_Driver/Inc/Legacy/stm32_hal_legacy.h:4258: note: this is the location of the previous definition
 4258 | #define TIM_OCMODE_ASSYMETRIC_PWM1      TIM_OCMODE_ASYMMETRIC_PWM1
      | 
../Drivers/STM32L4xx_HAL_Driver/Inc/stm32l4xx_hal_tim.h:1005: warning: "TIM_OCMODE_ASSYMETRIC_PWM2" redefined
 1005 | #define TIM_OCMODE_ASSYMETRIC_PWM2         TIM_CCMR1_OC1M                                            /*!< Asymmetric PWM mode 2                  */
      | 
../Drivers/STM32L4xx_HAL_Driver/Inc/Legacy/stm32_hal_legacy.h:4259: note: this is the location of the previous definition
 4259 | #define TIM_OCMODE_ASSYMETRIC_PWM2      TIM_OCMODE_ASYMMETRIC_PWM2
      | 
In file included from ../Core/Inc/stm32l4xx_hal_conf.h:442,
                 from ../Drivers/STM32L4xx_HAL_Driver/Inc/stm32l4xx_hal.h:29,
                 from ../Drivers/STM32L4xx_HAL_Driver/Src/stm32l4xx_hal_i2c.c:323:
../Drivers/STM32L4xx_HAL_Driver/Inc/stm32l4xx_hal_tim.h:1004: warning: "TIM_OCMODE_ASSYMETRIC_PWM1" redefined
 1004 | #define TIM_OCMODE_ASSYMETRIC_PWM1         (TIM_CCMR1_OC1M_3 | TIM_CCMR1_OC1M_1 | TIM_CCMR1_OC1M_2)  /*!< Asymmetric PWM mode 1                  */
      | 
In file included from ../Drivers/STM32L4xx_HAL_Driver/Inc/stm32l4xx_hal_def.h:30,
                 from ../Drivers/STM32L4xx_HAL_Driver/Inc/stm32l4xx_hal_rcc.h:27,
                 from ../Core/Inc/stm32l4xx_hal_conf.h:258:
../Drivers/STM32L4xx_HAL_Driver/Inc/Legacy/stm32_hal_legacy.h:4258: note: this is the location of the previous definition
 4258 | #define TIM_OCMODE_ASSYMETRIC_PWM1      TIM_OCMODE_ASYMMETRIC_PWM1
      | 
../Drivers/STM32L4xx_HAL_Driver/Inc/stm32l4xx_hal_tim.h:1005: warning: "TIM_OCMODE_ASSYMETRIC_PWM2" redefined
 1005 | #define TIM_OCMODE_ASSYMETRIC_PWM2         TIM_CCMR1_OC1M                                            /*!< Asymmetric PWM mode 2                  */
      | 
../Drivers/STM32L4xx_HAL_Driver/Inc/Legacy/stm32_hal_legacy.h:4259: note: this is the location of the previous definition
 4259 | #define TIM_OCMODE_ASSYMETRIC_PWM2      TIM_OCMODE_ASYMMETRIC_PWM2
      | 
In file included from ../Core/Inc/stm32l4xx_hal_conf.h:442,
                 from ../Drivers/STM32L4xx_HAL_Driver/Inc/stm32l4xx_hal.h:29,
                 from ../Drivers/STM32L4xx_HAL_Driver/Src/stm32l4xx_hal_pwr.c:25:
../Drivers/STM32L4xx_HAL_Driver/Inc/stm32l4xx_hal_tim.h:1004: warning: "TIM_OCMODE_ASSYMETRIC_PWM1" redefined
 1004 | #define TIM_OCMODE_ASSYMETRIC_PWM1         (TIM_CCMR1_OC1M_3 | TIM_CCMR1_OC1M_1 | TIM_CCMR1_OC1M_2)  /*!< Asymmetric PWM mode 1                  */
      | 
In file included from ../Drivers/STM32L4xx_HAL_Driver/Inc/stm32l4xx_hal_def.h:30,
                 from ../Drivers/STM32L4xx_HAL_Driver/Inc/stm32l4xx_hal_rcc.h:27,
                 from ../Core/Inc/stm32l4xx_hal_conf.h:258:
../Drivers/STM32L4xx_HAL_Driver/Inc/Legacy/stm32_hal_legacy.h:4258: note: this is the location of the previous definition
 4258 | #define TIM_OCMODE_ASSYMETRIC_PWM1      TIM_OCMODE_ASYMMETRIC_PWM1
      | 
../Drivers/STM32L4xx_HAL_Driver/Inc/stm32l4xx_hal_tim.h:1005: warning: "TIM_OCMODE_ASSYMETRIC_PWM2" redefined
 1005 | #define TIM_OCMODE_ASSYMETRIC_PWM2         TIM_CCMR1_OC1M                                            /*!< Asymmetric PWM mode 2                  */
      | 
../Drivers/STM32L4xx_HAL_Driver/Inc/Legacy/stm32_hal_legacy.h:4259: note: this is the location of the previous definition
 4259 | #define TIM_OCMODE_ASSYMETRIC_PWM2      TIM_OCMODE_ASYMMETRIC_PWM2
      | 
In file included from ../Core/Inc/stm32l4xx_hal_conf.h:442,
                 from ../Drivers/STM32L4xx_HAL_Driver/Inc/stm32l4xx_hal.h:29,
                 from ../Drivers/STM32L4xx_HAL_Driver/Src/stm32l4xx_hal_i2c_ex.c:51:
../Drivers/STM32L4xx_HAL_Driver/Inc/stm32l4xx_hal_tim.h:1004: warning: "TIM_OCMODE_ASSYMETRIC_PWM1" redefined
 1004 | #define TIM_OCMODE_ASSYMETRIC_PWM1         (TIM_CCMR1_OC1M_3 | TIM_CCMR1_OC1M_1 | TIM_CCMR1_OC1M_2)  /*!< Asymmetric PWM mode 1                  */
      | 
In file included from ../Drivers/STM32L4xx_HAL_Driver/Inc/stm32l4xx_hal_def.h:30,
                 from ../Drivers/STM32L4xx_HAL_Driver/Inc/stm32l4xx_hal_rcc.h:27,
                 from ../Core/Inc/stm32l4xx_hal_conf.h:258:
../Drivers/STM32L4xx_HAL_Driver/Inc/Legacy/stm32_hal_legacy.h:4258: note: this is the location of the previous definition
 4258 | #define TIM_OCMODE_ASSYMETRIC_PWM1      TIM_OCMODE_ASYMMETRIC_PWM1
      | 
../Drivers/STM32L4xx_HAL_Driver/Inc/stm32l4xx_hal_tim.h:1005: warning: "TIM_OCMODE_ASSYMETRIC_PWM2" redefined
 1005 | #define TIM_OCMODE_ASSYMETRIC_PWM2         TIM_CCMR1_OC1M                                            /*!< Asymmetric PWM mode 2                  */
      | 
../Drivers/STM32L4xx_HAL_Driver/Inc/Legacy/stm32_hal_legacy.h:4259: note: this is the location of the previous definition
 4259 | #define TIM_OCMODE_ASSYMETRIC_PWM2      TIM_OCMODE_ASYMMETRIC_PWM2
      | 
In file included from ../Core/Inc/stm32l4xx_hal_conf.h:442,
                 from ../Drivers/STM32L4xx_HAL_Driver/Inc/stm32l4xx_hal.h:29,
                 from ../Drivers/STM32L4xx_HAL_Driver/Src/stm32l4xx_hal_spi.c:202:
../Drivers/STM32L4xx_HAL_Driver/Inc/stm32l4xx_hal_tim.h:1004: warning: "TIM_OCMODE_ASSYMETRIC_PWM1" redefined
 1004 | #define TIM_OCMODE_ASSYMETRIC_PWM1         (TIM_CCMR1_OC1M_3 | TIM_CCMR1_OC1M_1 | TIM_CCMR1_OC1M_2)  /*!< Asymmetric PWM mode 1                  */
      | 
In file included from ../Drivers/STM32L4xx_HAL_Driver/Inc/stm32l4xx_hal_def.h:30,
                 from ../Drivers/STM32L4xx_HAL_Driver/Inc/stm32l4xx_hal_rcc.h:27,
                 from ../Core/Inc/stm32l4xx_hal_conf.h:258:
../Drivers/STM32L4xx_HAL_Driver/Inc/Legacy/stm32_hal_legacy.h:4258: note: this is the location of the previous definition
 4258 | #define TIM_OCMODE_ASSYMETRIC_PWM1      TIM_OCMODE_ASYMMETRIC_PWM1
      | 
../Drivers/STM32L4xx_HAL_Driver/Inc/stm32l4xx_hal_tim.h:1005: warning: "TIM_OCMODE_ASSYMETRIC_PWM2" redefined
 1005 | #define TIM_OCMODE_ASSYMETRIC_PWM2         TIM_CCMR1_OC1M                                            /*!< Asymmetric PWM mode 2                  */
      | 
../Drivers/STM32L4xx_HAL_Driver/Inc/Legacy/stm32_hal_legacy.h:4259: note: this is the location of the previous definition
 4259 | #define TIM_OCMODE_ASSYMETRIC_PWM2      TIM_OCMODE_ASYMMETRIC_PWM2
      | 
In file included from ../Core/Inc/stm32l4xx_hal_conf.h:442,
                 from ../Drivers/STM32L4xx_HAL_Driver/Inc/stm32l4xx_hal.h:29,
                 from ../Drivers/STM32L4xx_HAL_Driver/Src/stm32l4xx_hal_rcc.c:51:
../Drivers/STM32L4xx_HAL_Driver/Inc/stm32l4xx_hal_tim.h:1004: warning: "TIM_OCMODE_ASSYMETRIC_PWM1" redefined
 1004 | #define TIM_OCMODE_ASSYMETRIC_PWM1         (TIM_CCMR1_OC1M_3 | TIM_CCMR1_OC1M_1 | TIM_CCMR1_OC1M_2)  /*!< Asymmetric PWM mode 1                  */
      | 
In file included from ../Drivers/STM32L4xx_HAL_Driver/Inc/stm32l4xx_hal_def.h:30,
                 from ../Drivers/STM32L4xx_HAL_Driver/Inc/stm32l4xx_hal_rcc.h:27,
                 from ../Core/Inc/stm32l4xx_hal_conf.h:258:
../Drivers/STM32L4xx_HAL_Driver/Inc/Legacy/stm32_hal_legacy.h:4258: note: this is the location of the previous definition
 4258 | #define TIM_OCMODE_ASSYMETRIC_PWM1      TIM_OCMODE_ASYMMETRIC_PWM1
      | 
../Drivers/STM32L4xx_HAL_Driver/Inc/stm32l4xx_hal_tim.h:1005: warning: "TIM_OCMODE_ASSYMETRIC_PWM2" redefined
 1005 | #define TIM_OCMODE_ASSYMETRIC_PWM2         TIM_CCMR1_OC1M                                            /*!< Asymmetric PWM mode 2                  */
      | 
../Drivers/STM32L4xx_HAL_Driver/Inc/Legacy/stm32_hal_legacy.h:4259: note: this is the location of the previous definition
 4259 | #define TIM_OCMODE_ASSYMETRIC_PWM2      TIM_OCMODE_ASYMMETRIC_PWM2
      | 
In file included from ../Core/Inc/stm32l4xx_hal_conf.h:442,
                 from ../Drivers/STM32L4xx_HAL_Driver/Inc/stm32l4xx_hal.h:29,
                 from ../Drivers/STM32L4xx_HAL_Driver/Src/stm32l4xx_hal_rcc_ex.c:25:
../Drivers/STM32L4xx_HAL_Driver/Inc/stm32l4xx_hal_tim.h:1004: warning: "TIM_OCMODE_ASSYMETRIC_PWM1" redefined
 1004 | #define TIM_OCMODE_ASSYMETRIC_PWM1         (TIM_CCMR1_OC1M_3 | TIM_CCMR1_OC1M_1 | TIM_CCMR1_OC1M_2)  /*!< Asymmetric PWM mode 1                  */
      | 
In file included from ../Drivers/STM32L4xx_HAL_Driver/Inc/stm32l4xx_hal_def.h:30,
                 from ../Drivers/STM32L4xx_HAL_Driver/Inc/stm32l4xx_hal_rcc.h:27,
                 from ../Core/Inc/stm32l4xx_hal_conf.h:258:
../Drivers/STM32L4xx_HAL_Driver/Inc/Legacy/stm32_hal_legacy.h:4258: note: this is the location of the previous definition
 4258 | #define TIM_OCMODE_ASSYMETRIC_PWM1      TIM_OCMODE_ASYMMETRIC_PWM1
      | 
../Drivers/STM32L4xx_HAL_Driver/Inc/stm32l4xx_hal_tim.h:1005: warning: "TIM_OCMODE_ASSYMETRIC_PWM2" redefined
 1005 | #define TIM_OCMODE_ASSYMETRIC_PWM2         TIM_CCMR1_OC1M                                            /*!< Asymmetric PWM mode 2                  */
      | 
../Drivers/STM32L4xx_HAL_Driver/Inc/Legacy/stm32_hal_legacy.h:4259: note: this is the location of the previous definition
 4259 | #define TIM_OCMODE_ASSYMETRIC_PWM2      TIM_OCMODE_ASYMMETRIC_PWM2
      | 
In file included from ../Core/Inc/stm32l4xx_hal_conf.h:442,
                 from ../Drivers/STM32L4xx_HAL_Driver/Inc/stm32l4xx_hal.h:29,
                 from ../Drivers/STM32L4xx_HAL_Driver/Src/stm32l4xx_hal_pwr_ex.c:25:
../Drivers/STM32L4xx_HAL_Driver/Inc/stm32l4xx_hal_tim.h:1004: warning: "TIM_OCMODE_ASSYMETRIC_PWM1" redefined
 1004 | #define TIM_OCMODE_ASSYMETRIC_PWM1         (TIM_CCMR1_OC1M_3 | TIM_CCMR1_OC1M_1 | TIM_CCMR1_OC1M_2)  /*!< Asymmetric PWM mode 1                  */
      | 
In file included from ../Drivers/STM32L4xx_HAL_Driver/Inc/stm32l4xx_hal_def.h:30,
                 from ../Drivers/STM32L4xx_HAL_Driver/Inc/stm32l4xx_hal_rcc.h:27,
                 from ../Core/Inc/stm32l4xx_hal_conf.h:258:
../Drivers/STM32L4xx_HAL_Driver/Inc/Legacy/stm32_hal_legacy.h:4258: note: this is the location of the previous definition
 4258 | #define TIM_OCMODE_ASSYMETRIC_PWM1      TIM_OCMODE_ASYMMETRIC_PWM1
      | 
../Drivers/STM32L4xx_HAL_Driver/Inc/stm32l4xx_hal_tim.h:1005: warning: "TIM_OCMODE_ASSYMETRIC_PWM2" redefined
 1005 | #define TIM_OCMODE_ASSYMETRIC_PWM2         TIM_CCMR1_OC1M                                            /*!< Asymmetric PWM mode 2                  */
      | 
../Drivers/STM32L4xx_HAL_Driver/Inc/Legacy/stm32_hal_legacy.h:4259: note: this is the location of the previous definition
 4259 | #define TIM_OCMODE_ASSYMETRIC_PWM2      TIM_OCMODE_ASYMMETRIC_PWM2
      | 
arm-none-eabi-gcc "../Drivers/STM32L4xx_HAL_Driver/Src/stm32l4xx_hal_spi_ex.c" -mcpu=cortex-m4 -std=gnu11 -g3 -DDEBUG -DUSE_HAL_DRIVER -DSTM32L476xx -c -I../Core/Inc -I../Drivers/STM32L4xx_HAL_Driver/Inc -I../Drivers/STM32L4xx_HAL_Driver/Inc/Legacy -I../Drivers/CMSIS/Device/ST/STM32L4xx/Include -I../Drivers/CMSIS/Include -O0 -ffunction-sections -fdata-sections -Wall -fstack-usage -fcyclomatic-complexity -MMD -MP -MF"Drivers/STM32L4xx_HAL_Driver/Src/stm32l4xx_hal_spi_ex.d" -MT"Drivers/STM32L4xx_HAL_Driver/Src/stm32l4xx_hal_spi_ex.o" --specs=nano.specs -mfpu=fpv4-sp-d16 -mfloat-abi=hard -mthumb -o "Drivers/STM32L4xx_HAL_Driver/Src/stm32l4xx_hal_spi_ex.o"
arm-none-eabi-gcc "../Drivers/STM32L4xx_HAL_Driver/Src/stm32l4xx_hal_tim.c" -mcpu=cortex-m4 -std=gnu11 -g3 -DDEBUG -DUSE_HAL_DRIVER -DSTM32L476xx -c -I../Core/Inc -I../Drivers/STM32L4xx_HAL_Driver/Inc -I../Drivers/STM32L4xx_HAL_Driver/Inc/Legacy -I../Drivers/CMSIS/Device/ST/STM32L4xx/Include -I../Drivers/CMSIS/Include -O0 -ffunction-sections -fdata-sections -Wall -fstack-usage -fcyclomatic-complexity -MMD -MP -MF"Drivers/STM32L4xx_HAL_Driver/Src/stm32l4xx_hal_tim.d" -MT"Drivers/STM32L4xx_HAL_Driver/Src/stm32l4xx_hal_tim.o" --specs=nano.specs -mfpu=fpv4-sp-d16 -mfloat-abi=hard -mthumb -o "Drivers/STM32L4xx_HAL_Driver/Src/stm32l4xx_hal_tim.o"
arm-none-eabi-gcc "../Drivers/STM32L4xx_HAL_Driver/Src/stm32l4xx_hal_tim_ex.c" -mcpu=cortex-m4 -std=gnu11 -g3 -DDEBUG -DUSE_HAL_DRIVER -DSTM32L476xx -c -I../Core/Inc -I../Drivers/STM32L4xx_HAL_Driver/Inc -I../Drivers/STM32L4xx_HAL_Driver/Inc/Legacy -I../Drivers/CMSIS/Device/ST/STM32L4xx/Include -I../Drivers/CMSIS/Include -O0 -ffunction-sections -fdata-sections -Wall -fstack-usage -fcyclomatic-complexity -MMD -MP -MF"Drivers/STM32L4xx_HAL_Driver/Src/stm32l4xx_hal_tim_ex.d" -MT"Drivers/STM32L4xx_HAL_Driver/Src/stm32l4xx_hal_tim_ex.o" --specs=nano.specs -mfpu=fpv4-sp-d16 -mfloat-abi=hard -mthumb -o "Drivers/STM32L4xx_HAL_Driver/Src/stm32l4xx_hal_tim_ex.o"
arm-none-eabi-gcc "../Drivers/STM32L4xx_HAL_Driver/Src/stm32l4xx_hal_uart.c" -mcpu=cortex-m4 -std=gnu11 -g3 -DDEBUG -DUSE_HAL_DRIVER -DSTM32L476xx -c -I../Core/Inc -I../Drivers/STM32L4xx_HAL_Driver/Inc -I../Drivers/STM32L4xx_HAL_Driver/Inc/Legacy -I../Drivers/CMSIS/Device/ST/STM32L4xx/Include -I../Drivers/CMSIS/Include -O0 -ffunction-sections -fdata-sections -Wall -fstack-usage -fcyclomatic-complexity -MMD -MP -MF"Drivers/STM32L4xx_HAL_Driver/Src/stm32l4xx_hal_uart.d" -MT"Drivers/STM32L4xx_HAL_Driver/Src/stm32l4xx_hal_uart.o" --specs=nano.specs -mfpu=fpv4-sp-d16 -mfloat-abi=hard -mthumb -o "Drivers/STM32L4xx_HAL_Driver/Src/stm32l4xx_hal_uart.o"
arm-none-eabi-gcc "../Drivers/STM32L4xx_HAL_Driver/Src/stm32l4xx_hal_uart_ex.c" -mcpu=cortex-m4 -std=gnu11 -g3 -DDEBUG -DUSE_HAL_DRIVER -DSTM32L476xx -c -I../Core/Inc -I../Drivers/STM32L4xx_HAL_Driver/Inc -I../Drivers/STM32L4xx_HAL_Driver/Inc/Legacy -I../Drivers/CMSIS/Device/ST/STM32L4xx/Include -I../Drivers/CMSIS/Include -O0 -ffunction-sections -fdata-sections -Wall -fstack-usage -fcyclomatic-complexity -MMD -MP -MF"Drivers/STM32L4xx_HAL_Driver/Src/stm32l4xx_hal_uart_ex.d" -MT"Drivers/STM32L4xx_HAL_Driver/Src/stm32l4xx_hal_uart_ex.o" --specs=nano.specs -mfpu=fpv4-sp-d16 -mfloat-abi=hard -mthumb -o "Drivers/STM32L4xx_HAL_Driver/Src/stm32l4xx_hal_uart_ex.o"
arm-none-eabi-gcc -mcpu=cortex-m4 -g3 -DDEBUG -c -x assembler-with-cpp -MMD -MP -MF"Core/Startup/startup_stm32l476rgtx.d" -MT"Core/Startup/startup_stm32l476rgtx.o" --specs=nano.specs -mfpu=fpv4-sp-d16 -mfloat-abi=hard -mthumb -o "Core/Startup/startup_stm32l476rgtx.o" "../Core/Startup/startup_stm32l476rgtx.s"
arm-none-eabi-gcc "../Core/Src/main.c" -mcpu=cortex-m4 -std=gnu11 -g3 -DDEBUG -DUSE_HAL_DRIVER -DSTM32L476xx -c -I../Core/Inc -I../Drivers/STM32L4xx_HAL_Driver/Inc -I../Drivers/STM32L4xx_HAL_Driver/Inc/Legacy -I../Drivers/CMSIS/Device/ST/STM32L4xx/Include -I../Drivers/CMSIS/Include -O0 -ffunction-sections -fdata-sections -Wall -fstack-usage -fcyclomatic-complexity -MMD -MP -MF"Core/Src/main.d" -MT"Core/Src/main.o" --specs=nano.specs -mfpu=fpv4-sp-d16 -mfloat-abi=hard -mthumb -o "Core/Src/main.o"
arm-none-eabi-gcc "../Core/Src/stm32l4xx_hal_msp.c" -mcpu=cortex-m4 -std=gnu11 -g3 -DDEBUG -DUSE_HAL_DRIVER -DSTM32L476xx -c -I../Core/Inc -I../Drivers/STM32L4xx_HAL_Driver/Inc -I../Drivers/STM32L4xx_HAL_Driver/Inc/Legacy -I../Drivers/CMSIS/Device/ST/STM32L4xx/Include -I../Drivers/CMSIS/Include -O0 -ffunction-sections -fdata-sections -Wall -fstack-usage -fcyclomatic-complexity -MMD -MP -MF"Core/Src/stm32l4xx_hal_msp.d" -MT"Core/Src/stm32l4xx_hal_msp.o" --specs=nano.specs -mfpu=fpv4-sp-d16 -mfloat-abi=hard -mthumb -o "Core/Src/stm32l4xx_hal_msp.o"
In file included from ../Core/Inc/stm32l4xx_hal_conf.h:442,
                 from ../Drivers/STM32L4xx_HAL_Driver/Inc/stm32l4xx_hal.h:29,
                 from ../Drivers/STM32L4xx_HAL_Driver/Src/stm32l4xx_hal_spi_ex.c:24:
../Drivers/STM32L4xx_HAL_Driver/Inc/stm32l4xx_hal_tim.h:1004: warning: "TIM_OCMODE_ASSYMETRIC_PWM1" redefined
 1004 | #define TIM_OCMODE_ASSYMETRIC_PWM1         (TIM_CCMR1_OC1M_3 | TIM_CCMR1_OC1M_1 | TIM_CCMR1_OC1M_2)  /*!< Asymmetric PWM mode 1                  */
      | 
In file included from ../Drivers/STM32L4xx_HAL_Driver/Inc/stm32l4xx_hal_def.h:30,
                 from ../Drivers/STM32L4xx_HAL_Driver/Inc/stm32l4xx_hal_rcc.h:27,
                 from ../Core/Inc/stm32l4xx_hal_conf.h:258:
../Drivers/STM32L4xx_HAL_Driver/Inc/Legacy/stm32_hal_legacy.h:4258: note: this is the location of the previous definition
 4258 | #define TIM_OCMODE_ASSYMETRIC_PWM1      TIM_OCMODE_ASYMMETRIC_PWM1
      | 
../Drivers/STM32L4xx_HAL_Driver/Inc/stm32l4xx_hal_tim.h:1005: warning: "TIM_OCMODE_ASSYMETRIC_PWM2" redefined
 1005 | #define TIM_OCMODE_ASSYMETRIC_PWM2         TIM_CCMR1_OC1M                                            /*!< Asymmetric PWM mode 2                  */
      | 
../Drivers/STM32L4xx_HAL_Driver/Inc/Legacy/stm32_hal_legacy.h:4259: note: this is the location of the previous definition
 4259 | #define TIM_OCMODE_ASSYMETRIC_PWM2      TIM_OCMODE_ASYMMETRIC_PWM2
      | 
In file included from ../Core/Inc/stm32l4xx_hal_conf.h:442,
                 from ../Drivers/STM32L4xx_HAL_Driver/Inc/stm32l4xx_hal.h:29,
                 from ../Drivers/STM32L4xx_HAL_Driver/Src/stm32l4xx_hal_uart.c:166:
../Drivers/STM32L4xx_HAL_Driver/Inc/stm32l4xx_hal_tim.h:1004: warning: "TIM_OCMODE_ASSYMETRIC_PWM1" redefined
 1004 | #define TIM_OCMODE_ASSYMETRIC_PWM1         (TIM_CCMR1_OC1M_3 | TIM_CCMR1_OC1M_1 | TIM_CCMR1_OC1M_2)  /*!< Asymmetric PWM mode 1                  */
      | 
In file included from ../Drivers/STM32L4xx_HAL_Driver/Inc/stm32l4xx_hal_def.h:30,
                 from ../Drivers/STM32L4xx_HAL_Driver/Inc/stm32l4xx_hal_rcc.h:27,
                 from ../Core/Inc/stm32l4xx_hal_conf.h:258:
../Drivers/STM32L4xx_HAL_Driver/Inc/Legacy/stm32_hal_legacy.h:4258: note: this is the location of the previous definition
 4258 | #define TIM_OCMODE_ASSYMETRIC_PWM1      TIM_OCMODE_ASYMMETRIC_PWM1
      | 
../Drivers/STM32L4xx_HAL_Driver/Inc/stm32l4xx_hal_tim.h:1005: warning: "TIM_OCMODE_ASSYMETRIC_PWM2" redefined
 1005 | #define TIM_OCMODE_ASSYMETRIC_PWM2         TIM_CCMR1_OC1M                                            /*!< Asymmetric PWM mode 2                  */
      | 
../Drivers/STM32L4xx_HAL_Driver/Inc/Legacy/stm32_hal_legacy.h:4259: note: this is the location of the previous definition
 4259 | #define TIM_OCMODE_ASSYMETRIC_PWM2      TIM_OCMODE_ASYMMETRIC_PWM2
      | 
In file included from ../Core/Inc/stm32l4xx_hal_conf.h:442,
                 from ../Drivers/STM32L4xx_HAL_Driver/Inc/stm32l4xx_hal.h:29,
                 from ../Drivers/STM32L4xx_HAL_Driver/Src/stm32l4xx_hal_tim_ex.c:83:
../Drivers/STM32L4xx_HAL_Driver/Inc/stm32l4xx_hal_tim.h:1004: warning: "TIM_OCMODE_ASSYMETRIC_PWM1" redefined
 1004 | #define TIM_OCMODE_ASSYMETRIC_PWM1         (TIM_CCMR1_OC1M_3 | TIM_CCMR1_OC1M_1 | TIM_CCMR1_OC1M_2)  /*!< Asymmetric PWM mode 1                  */
      | 
In file included from ../Drivers/STM32L4xx_HAL_Driver/Inc/stm32l4xx_hal_def.h:30,
                 from ../Drivers/STM32L4xx_HAL_Driver/Inc/stm32l4xx_hal_rcc.h:27,
                 from ../Core/Inc/stm32l4xx_hal_conf.h:258:
../Drivers/STM32L4xx_HAL_Driver/Inc/Legacy/stm32_hal_legacy.h:4258: note: this is the location of the previous definition
 4258 | #define TIM_OCMODE_ASSYMETRIC_PWM1      TIM_OCMODE_ASYMMETRIC_PWM1
      | 
../Drivers/STM32L4xx_HAL_Driver/Inc/stm32l4xx_hal_tim.h:1005: warning: "TIM_OCMODE_ASSYMETRIC_PWM2" redefined
 1005 | #define TIM_OCMODE_ASSYMETRIC_PWM2         TIM_CCMR1_OC1M                                            /*!< Asymmetric PWM mode 2                  */
      | 
../Drivers/STM32L4xx_HAL_Driver/Inc/Legacy/stm32_hal_legacy.h:4259: note: this is the location of the previous definition
 4259 | #define TIM_OCMODE_ASSYMETRIC_PWM2      TIM_OCMODE_ASYMMETRIC_PWM2
      | 
In file included from ../Core/Inc/stm32l4xx_hal_conf.h:442,
                 from ../Drivers/STM32L4xx_HAL_Driver/Inc/stm32l4xx_hal.h:29,
                 from ../Drivers/STM32L4xx_HAL_Driver/Src/stm32l4xx_hal_uart_ex.c:44:
../Drivers/STM32L4xx_HAL_Driver/Inc/stm32l4xx_hal_tim.h:1004: warning: "TIM_OCMODE_ASSYMETRIC_PWM1" redefined
 1004 | #define TIM_OCMODE_ASSYMETRIC_PWM1         (TIM_CCMR1_OC1M_3 | TIM_CCMR1_OC1M_1 | TIM_CCMR1_OC1M_2)  /*!< Asymmetric PWM mode 1                  */
      | 
In file included from ../Drivers/STM32L4xx_HAL_Driver/Inc/stm32l4xx_hal_def.h:30,
                 from ../Drivers/STM32L4xx_HAL_Driver/Inc/stm32l4xx_hal_rcc.h:27,
                 from ../Core/Inc/stm32l4xx_hal_conf.h:258:
../Drivers/STM32L4xx_HAL_Driver/Inc/Legacy/stm32_hal_legacy.h:4258: note: this is the location of the previous definition
 4258 | #define TIM_OCMODE_ASSYMETRIC_PWM1      TIM_OCMODE_ASYMMETRIC_PWM1
      | 
../Drivers/STM32L4xx_HAL_Driver/Inc/stm32l4xx_hal_tim.h:1005: warning: "TIM_OCMODE_ASSYMETRIC_PWM2" redefined
 1005 | #define TIM_OCMODE_ASSYMETRIC_PWM2         TIM_CCMR1_OC1M                                            /*!< Asymmetric PWM mode 2                  */
      | 
../Drivers/STM32L4xx_HAL_Driver/Inc/Legacy/stm32_hal_legacy.h:4259: note: this is the location of the previous definition
 4259 | #define TIM_OCMODE_ASSYMETRIC_PWM2      TIM_OCMODE_ASYMMETRIC_PWM2
      | 
In file included from ../Core/Inc/stm32l4xx_hal_conf.h:442,
                 from ../Drivers/STM32L4xx_HAL_Driver/Inc/stm32l4xx_hal.h:29,
                 from ../Drivers/STM32L4xx_HAL_Driver/Src/stm32l4xx_hal_tim.c:187:
../Drivers/STM32L4xx_HAL_Driver/Inc/stm32l4xx_hal_tim.h:1004: warning: "TIM_OCMODE_ASSYMETRIC_PWM1" redefined
 1004 | #define TIM_OCMODE_ASSYMETRIC_PWM1         (TIM_CCMR1_OC1M_3 | TIM_CCMR1_OC1M_1 | TIM_CCMR1_OC1M_2)  /*!< Asymmetric PWM mode 1                  */
      | 
In file included from ../Drivers/STM32L4xx_HAL_Driver/Inc/stm32l4xx_hal_def.h:30,
                 from ../Drivers/STM32L4xx_HAL_Driver/Inc/stm32l4xx_hal_rcc.h:27,
                 from ../Core/Inc/stm32l4xx_hal_conf.h:258:
../Drivers/STM32L4xx_HAL_Driver/Inc/Legacy/stm32_hal_legacy.h:4258: note: this is the location of the previous definition
 4258 | #define TIM_OCMODE_ASSYMETRIC_PWM1      TIM_OCMODE_ASYMMETRIC_PWM1
      | 
../Drivers/STM32L4xx_HAL_Driver/Inc/stm32l4xx_hal_tim.h:1005: warning: "TIM_OCMODE_ASSYMETRIC_PWM2" redefined
 1005 | #define TIM_OCMODE_ASSYMETRIC_PWM2         TIM_CCMR1_OC1M                                            /*!< Asymmetric PWM mode 2                  */
      | 
../Drivers/STM32L4xx_HAL_Driver/Inc/Legacy/stm32_hal_legacy.h:4259: note: this is the location of the previous definition
 4259 | #define TIM_OCMODE_ASSYMETRIC_PWM2      TIM_OCMODE_ASYMMETRIC_PWM2
      | 
In file included from ../Core/Inc/stm32l4xx_hal_conf.h:442,
                 from ../Drivers/STM32L4xx_HAL_Driver/Inc/stm32l4xx_hal.h:29,
                 from ../Core/Inc/main.h:30,
                 from ../Core/Src/main.c:1:
../Drivers/STM32L4xx_HAL_Driver/Inc/stm32l4xx_hal_tim.h:1004: warning: "TIM_OCMODE_ASSYMETRIC_PWM1" redefined
 1004 | #define TIM_OCMODE_ASSYMETRIC_PWM1         (TIM_CCMR1_OC1M_3 | TIM_CCMR1_OC1M_1 | TIM_CCMR1_OC1M_2)  /*!< Asymmetric PWM mode 1                  */
      | 
In file included from ../Drivers/STM32L4xx_HAL_Driver/Inc/stm32l4xx_hal_def.h:30,
                 from ../Drivers/STM32L4xx_HAL_Driver/Inc/stm32l4xx_hal_rcc.h:27,
                 from ../Core/Inc/stm32l4xx_hal_conf.h:258:
../Drivers/STM32L4xx_HAL_Driver/Inc/Legacy/stm32_hal_legacy.h:4258: note: this is the location of the previous definition
 4258 | #define TIM_OCMODE_ASSYMETRIC_PWM1      TIM_OCMODE_ASYMMETRIC_PWM1
      | 
../Drivers/STM32L4xx_HAL_Driver/Inc/stm32l4xx_hal_tim.h:1005: warning: "TIM_OCMODE_ASSYMETRIC_PWM2" redefined
 1005 | #define TIM_OCMODE_ASSYMETRIC_PWM2         TIM_CCMR1_OC1M                                            /*!< Asymmetric PWM mode 2                  */
      | 
../Drivers/STM32L4xx_HAL_Driver/Inc/Legacy/stm32_hal_legacy.h:4259: note: this is the location of the previous definition
 4259 | #define TIM_OCMODE_ASSYMETRIC_PWM2      TIM_OCMODE_ASYMMETRIC_PWM2
      | 
../Core/Src/main.c:5:1: error: unknown type name 'ADC_HandleTypeDef'; did you mean 'UART_HandleTypeDef'?
    5 | ADC_HandleTypeDef hadc1;
      | ^~~~~~~~~~~~~~~~~
      | UART_HandleTypeDef
../Core/Src/main.c: In function 'main':
../Core/Src/main.c:28:5: warning: implicit declaration of function 'HAL_ADC_Start'; did you mean 'HAL_DMA_Start'? [-Wimplicit-function-declaration]
   28 |     HAL_ADC_Start(&hadc1);                                   // Start ADC conversion
      |     ^~~~~~~~~~~~~
      |     HAL_DMA_Start
../Core/Src/main.c:29:5: warning: implicit declaration of function 'HAL_ADC_PollForConversion' [-Wimplicit-function-declaration]
   29 |     HAL_ADC_PollForConversion(&hadc1, HAL_MAX_DELAY);        // Wait till conversion complete
      |     ^~~~~~~~~~~~~~~~~~~~~~~~~
../Core/Src/main.c:30:15: warning: implicit declaration of function 'HAL_ADC_GetValue' [-Wimplicit-function-declaration]
   30 |     adc_val = HAL_ADC_GetValue(&hadc1);                      // Get ADC value
      |               ^~~~~~~~~~~~~~~~
../Core/Src/main.c: In function 'MX_ADC1_Init':
../Core/Src/main.c:44:8: error: request for member 'Instance' in something not a structure or union
   44 |   hadc1.Instance = ADC1;
      |        ^
../Core/Src/main.c:45:8: error: request for member 'Init' in something not a structure or union
   45 |   hadc1.Init.ClockPrescaler = ADC_CLOCK_ASYNC_DIV1;
      |        ^
../Core/Src/main.c:45:31: error: 'ADC_CLOCK_ASYNC_DIV1' undeclared (first use in this function); did you mean 'ADC_CLOCK_ASYNC'?
   45 |   hadc1.Init.ClockPrescaler = ADC_CLOCK_ASYNC_DIV1;
      |                               ^~~~~~~~~~~~~~~~~~~~
      |                               ADC_CLOCK_ASYNC
../Core/Src/main.c:45:31: note: each undeclared identifier is reported only once for each function it appears in
../Core/Src/main.c:46:8: error: request for member 'Init' in something not a structure or union
   46 |   hadc1.Init.Resolution = ADC_RESOLUTION_12B;
      |        ^
../Core/Src/main.c:46:27: error: 'ADC_RESOLUTION_12B' undeclared (first use in this function); did you mean 'ADC_RESOLUTION12b'?
   46 |   hadc1.Init.Resolution = ADC_RESOLUTION_12B;
      |                           ^~~~~~~~~~~~~~~~~~
      |                           ADC_RESOLUTION12b
../Core/Src/main.c:47:8: error: request for member 'Init' in something not a structure or union
   47 |   hadc1.Init.DataAlign = ADC_DATAALIGN_RIGHT;
      |        ^
arm-none-eabi-gcc "../Core/Src/stm32l4xx_it.c" -mcpu=cortex-m4 -std=gnu11 -g3 -DDEBUG -DUSE_HAL_DRIVER -DSTM32L476xx -c -I../Core/Inc -I../Drivers/STM32L4xx_HAL_Driver/Inc -I../Drivers/STM32L4xx_HAL_Driver/Inc/Legacy -I../Drivers/CMSIS/Device/ST/STM32L4xx/Include -I../Drivers/CMSIS/Include -O0 -ffunction-sections -fdata-sections -Wall -fstack-usage -fcyclomatic-complexity -MMD -MP -MF"Core/Src/stm32l4xx_it.d" -MT"Core/Src/stm32l4xx_it.o" --specs=nano.specs -mfpu=fpv4-sp-d16 -mfloat-abi=hard -mthumb -o "Core/Src/stm32l4xx_it.o"
../Core/Src/main.c:47:26: error: 'ADC_DATAALIGN_RIGHT' undeclared (first use in this function)
   47 |   hadc1.Init.DataAlign = ADC_DATAALIGN_RIGHT;
      |                          ^~~~~~~~~~~~~~~~~~~
../Core/Src/main.c:48:8: error: request for member 'Init' in something not a structure or union
   48 |   hadc1.Init.ScanConvMode = ADC_SCAN_DISABLE;
      |        ^
../Core/Src/main.c:48:29: error: 'ADC_SCAN_DISABLE' undeclared (first use in this function); did you mean 'TIM_CCxN_DISABLE'?
   48 |   hadc1.Init.ScanConvMode = ADC_SCAN_DISABLE;
      |                             ^~~~~~~~~~~~~~~~
      |                             TIM_CCxN_DISABLE
../Core/Src/main.c:49:8: error: request for member 'Init' in something not a structure or union
   49 |   hadc1.Init.EOCSelection = ADC_EOC_SINGLE_CONV;
      |        ^
../Core/Src/main.c:49:29: error: 'ADC_EOC_SINGLE_CONV' undeclared (first use in this function); did you mean 'EOC_SINGLE_CONV'?
   49 |   hadc1.Init.EOCSelection = ADC_EOC_SINGLE_CONV;
      |                             ^~~~~~~~~~~~~~~~~~~
      |                             EOC_SINGLE_CONV
../Core/Src/main.c:50:8: error: request for member 'Init' in something not a structure or union
   50 |   hadc1.Init.LowPowerAutoWait = DISABLE;
      |        ^
../Core/Src/main.c:51:8: error: request for member 'Init' in something not a structure or union
   51 |   hadc1.Init.ContinuousConvMode = DISABLE;
      |        ^
../Core/Src/main.c:52:8: error: request for member 'Init' in something not a structure or union
   52 |   hadc1.Init.NbrOfConversion = 1;
      |        ^
../Core/Src/main.c:53:8: error: request for member 'Init' in something not a structure or union
   53 |   hadc1.Init.DiscontinuousConvMode = DISABLE;
      |        ^
../Core/Src/main.c:54:8: error: request for member 'Init' in something not a structure or union
   54 |   hadc1.Init.ExternalTrigConv = ADC_SOFTWARE_START;
      |        ^
In file included from ../Core/Inc/stm32l4xx_hal_conf.h:442,
                 from ../Drivers/STM32L4xx_HAL_Driver/Inc/stm32l4xx_hal.h:29,
                 from ../Core/Inc/main.h:30,
                 from ../Core/Src/stm32l4xx_hal_msp.c:22:
../Drivers/STM32L4xx_HAL_Driver/Inc/stm32l4xx_hal_tim.h:1004: warning: "TIM_OCMODE_ASSYMETRIC_PWM1" redefined
 1004 | #define TIM_OCMODE_ASSYMETRIC_PWM1         (TIM_CCMR1_OC1M_3 | TIM_CCMR1_OC1M_1 | TIM_CCMR1_OC1M_2)  /*!< Asymmetric PWM mode 1                  */
      | 
In file included from ../Drivers/STM32L4xx_HAL_Driver/Inc/stm32l4xx_hal_def.h:30,
                 from ../Drivers/STM32L4xx_HAL_Driver/Inc/stm32l4xx_hal_rcc.h:27,
                 from ../Core/Inc/stm32l4xx_hal_conf.h:258:
../Drivers/STM32L4xx_HAL_Driver/Inc/Legacy/stm32_hal_legacy.h:4258: note: this is the location of the previous definition
 4258 | #define TIM_OCMODE_ASSYMETRIC_PWM1      TIM_OCMODE_ASYMMETRIC_PWM1
      | 
../Drivers/STM32L4xx_HAL_Driver/Inc/stm32l4xx_hal_tim.h:1005: warning: "TIM_OCMODE_ASSYMETRIC_PWM2" redefined
 1005 | #define TIM_OCMODE_ASSYMETRIC_PWM2         TIM_CCMR1_OC1M                                            /*!< Asymmetric PWM mode 2                  */
      | 
../Drivers/STM32L4xx_HAL_Driver/Inc/Legacy/stm32_hal_legacy.h:4259: note: this is the location of the previous definition
 4259 | #define TIM_OCMODE_ASSYMETRIC_PWM2      TIM_OCMODE_ASYMMETRIC_PWM2
      | 
../Core/Src/main.c:54:33: error: 'ADC_SOFTWARE_START' undeclared (first use in this function)
   54 |   hadc1.Init.ExternalTrigConv = ADC_SOFTWARE_START;
      |                                 ^~~~~~~~~~~~~~~~~~
../Core/Src/main.c:55:8: error: request for member 'Init' in something not a structure or union
   55 |   hadc1.Init.ExternalTrigConvEdge = ADC_EXTERNALTRIGCONVEDGE_NONE;
      |        ^
arm-none-eabi-gcc "../Core/Src/syscalls.c" -mcpu=cortex-m4 -std=gnu11 -g3 -DDEBUG -DUSE_HAL_DRIVER -DSTM32L476xx -c -I../Core/Inc -I../Drivers/STM32L4xx_HAL_Driver/Inc -I../Drivers/STM32L4xx_HAL_Driver/Inc/Legacy -I../Drivers/CMSIS/Device/ST/STM32L4xx/Include -I../Drivers/CMSIS/Include -O0 -ffunction-sections -fdata-sections -Wall -fstack-usage -fcyclomatic-complexity -MMD -MP -MF"Core/Src/syscalls.d" -MT"Core/Src/syscalls.o" --specs=nano.specs -mfpu=fpv4-sp-d16 -mfloat-abi=hard -mthumb -o "Core/Src/syscalls.o"
../Core/Src/main.c:55:37: error: 'ADC_EXTERNALTRIGCONVEDGE_NONE' undeclared (first use in this function); did you mean 'ADC_EXTERNALTRIG_EDGE_NONE'?
   55 |   hadc1.Init.ExternalTrigConvEdge = ADC_EXTERNALTRIGCONVEDGE_NONE;
      |                                     ^~~~~~~~~~~~~~~~~~~~~~~~~~~~~
      |                                     ADC_EXTERNALTRIG_EDGE_NONE
../Core/Src/main.c:56:8: error: request for member 'Init' in something not a structure or union
   56 |   hadc1.Init.DMAContinuousRequests = DISABLE;
      |        ^
../Core/Src/main.c:57:8: error: request for member 'Init' in something not a structure or union
   57 |   hadc1.Init.Overrun = ADC_OVR_DATA_OVERWRITTEN;
      |        ^
../Core/Src/main.c:57:24: error: 'ADC_OVR_DATA_OVERWRITTEN' undeclared (first use in this function); did you mean 'OVR_DATA_OVERWRITTEN'?
   57 |   hadc1.Init.Overrun = ADC_OVR_DATA_OVERWRITTEN;
      |                        ^~~~~~~~~~~~~~~~~~~~~~~~
      |                        OVR_DATA_OVERWRITTEN
../Core/Src/main.c:58:8: error: request for member 'Init' in something not a structure or union
   58 |   hadc1.Init.OversamplingMode = DISABLE;
      |        ^
../Core/Src/main.c:59:7: warning: implicit declaration of function 'HAL_ADC_Init'; did you mean 'HAL_DeInit'? [-Wimplicit-function-declaration]
   59 |   if (HAL_ADC_Init(&hadc1) != HAL_OK)
      |       ^~~~~~~~~~~~
      |       HAL_DeInit
../Core/Src/main.c:64:3: error: unknown type name 'ADC_ChannelConfTypeDef'; did you mean 'DMA_Channel_TypeDef'?
   64 |   ADC_ChannelConfTypeDef sConfig = {0};
      |   ^~~~~~~~~~~~~~~~~~~~~~
      |   DMA_Channel_TypeDef
../Core/Src/main.c:65:10: error: request for member 'Channel' in something not a structure or union
   65 |   sConfig.Channel = ADC_CHANNEL_5;        // PA0 = ADC1_IN5
      |          ^
../Core/Src/main.c:65:21: error: 'ADC_CHANNEL_5' undeclared (first use in this function); did you mean 'DAC2_CHANNEL_1'?
   65 |   sConfig.Channel = ADC_CHANNEL_5;        // PA0 = ADC1_IN5
      |                     ^~~~~~~~~~~~~
      |                     DAC2_CHANNEL_1
../Core/Src/main.c:66:10: error: request for member 'Rank' in something not a structure or union
   66 |   sConfig.Rank = ADC_REGULAR_RANK_1;
      |          ^
../Core/Src/main.c:66:18: error: 'ADC_REGULAR_RANK_1' undeclared (first use in this function)
   66 |   sConfig.Rank = ADC_REGULAR_RANK_1;
      |                  ^~~~~~~~~~~~~~~~~~
../Core/Src/main.c:67:10: error: request for member 'SamplingTime' in something not a structure or union
   67 |   sConfig.SamplingTime = ADC_SAMPLETIME_47CYCLES_5;
      |          ^
../Core/Src/main.c:67:26: error: 'ADC_SAMPLETIME_47CYCLES_5' undeclared (first use in this function); did you mean 'ADC_SAMPLETIME_2CYCLE_5'?
   67 |   sConfig.SamplingTime = ADC_SAMPLETIME_47CYCLES_5;
      |                          ^~~~~~~~~~~~~~~~~~~~~~~~~
      |                          ADC_SAMPLETIME_2CYCLE_5
../Core/Src/main.c:68:10: error: request for member 'SingleDiff' in something not a structure or union
   68 |   sConfig.SingleDiff = ADC_SINGLE_ENDED;
      |          ^
../Core/Src/main.c:68:24: error: 'ADC_SINGLE_ENDED' undeclared (first use in this function)
   68 |   sConfig.SingleDiff = ADC_SINGLE_ENDED;
      |                        ^~~~~~~~~~~~~~~~
../Core/Src/main.c:69:10: error: request for member 'OffsetNumber' in something not a structure or union
   69 |   sConfig.OffsetNumber = ADC_OFFSET_NONE;
      |          ^
../Core/Src/main.c:69:26: error: 'ADC_OFFSET_NONE' undeclared (first use in this function)
   69 |   sConfig.OffsetNumber = ADC_OFFSET_NONE;
      |                          ^~~~~~~~~~~~~~~
../Core/Src/main.c:70:10: error: request for member 'Offset' in something not a structure or union
   70 |   sConfig.Offset = 0;
      |          ^
../Core/Src/main.c:71:7: warning: implicit declaration of function 'HAL_ADC_ConfigChannel'; did you mean 'HAL_TIM_IC_ConfigChannel'? [-Wimplicit-function-declaration]
   71 |   if (HAL_ADC_ConfigChannel(&hadc1, &sConfig) != HAL_OK)
      |       ^~~~~~~~~~~~~~~~~~~~~
      |       HAL_TIM_IC_ConfigChannel
arm-none-eabi-gcc "../Core/Src/sysmem.c" -mcpu=cortex-m4 -std=gnu11 -g3 -DDEBUG -DUSE_HAL_DRIVER -DSTM32L476xx -c -I../Core/Inc -I../Drivers/STM32L4xx_HAL_Driver/Inc -I../Drivers/STM32L4xx_HAL_Driver/Inc/Legacy -I../Drivers/CMSIS/Device/ST/STM32L4xx/Include -I../Drivers/CMSIS/Include -O0 -ffunction-sections -fdata-sections -Wall -fstack-usage -fcyclomatic-complexity -MMD -MP -MF"Core/Src/sysmem.d" -MT"Core/Src/sysmem.o" --specs=nano.specs -mfpu=fpv4-sp-d16 -mfloat-abi=hard -mthumb -o "Core/Src/sysmem.o"
arm-none-eabi-gcc "../Core/Src/system_stm32l4xx.c" -mcpu=cortex-m4 -std=gnu11 -g3 -DDEBUG -DUSE_HAL_DRIVER -DSTM32L476xx -c -I../Core/Inc -I../Drivers/STM32L4xx_HAL_Driver/Inc -I../Drivers/STM32L4xx_HAL_Driver/Inc/Legacy -I../Drivers/CMSIS/Device/ST/STM32L4xx/Include -I../Drivers/CMSIS/Include -O0 -ffunction-sections -fdata-sections -Wall -fstack-usage -fcyclomatic-complexity -MMD -MP -MF"Core/Src/system_stm32l4xx.d" -MT"Core/Src/system_stm32l4xx.o" --specs=nano.specs -mfpu=fpv4-sp-d16 -mfloat-abi=hard -mthumb -o "Core/Src/system_stm32l4xx.o"
In file included from ../Core/Inc/stm32l4xx_hal_conf.h:442,
                 from ../Drivers/STM32L4xx_HAL_Driver/Inc/stm32l4xx_hal.h:29,
                 from ../Core/Inc/main.h:30,
                 from ../Core/Src/stm32l4xx_it.c:21:
../Drivers/STM32L4xx_HAL_Driver/Inc/stm32l4xx_hal_tim.h:1004: warning: "TIM_OCMODE_ASSYMETRIC_PWM1" redefined
 1004 | #define TIM_OCMODE_ASSYMETRIC_PWM1         (TIM_CCMR1_OC1M_3 | TIM_CCMR1_OC1M_1 | TIM_CCMR1_OC1M_2)  /*!< Asymmetric PWM mode 1                  */
      | 
In file included from ../Drivers/STM32L4xx_HAL_Driver/Inc/stm32l4xx_hal_def.h:30,
                 from ../Drivers/STM32L4xx_HAL_Driver/Inc/stm32l4xx_hal_rcc.h:27,
                 from ../Core/Inc/stm32l4xx_hal_conf.h:258:
../Drivers/STM32L4xx_HAL_Driver/Inc/Legacy/stm32_hal_legacy.h:4258: note: this is the location of the previous definition
 4258 | #define TIM_OCMODE_ASSYMETRIC_PWM1      TIM_OCMODE_ASYMMETRIC_PWM1
      | 
../Drivers/STM32L4xx_HAL_Driver/Inc/stm32l4xx_hal_tim.h:1005: warning: "TIM_OCMODE_ASSYMETRIC_PWM2" redefined
 1005 | #define TIM_OCMODE_ASSYMETRIC_PWM2         TIM_CCMR1_OC1M                                            /*!< Asymmetric PWM mode 2                  */
      | 
../Drivers/STM32L4xx_HAL_Driver/Inc/Legacy/stm32_hal_legacy.h:4259: note: this is the location of the previous definition
 4259 | #define TIM_OCMODE_ASSYMETRIC_PWM2      TIM_OCMODE_ASYMMETRIC_PWM2
      | 
make: *** [Core/Src/subdir.mk:34: Core/Src/main.o] Error 1
make: *** Waiting for unfinished jobs....
In file included from ../Core/Inc/stm32l4xx_hal_conf.h:442,
                 from ../Drivers/STM32L4xx_HAL_Driver/Inc/stm32l4xx_hal.h:29,
                 from ../Drivers/CMSIS/Device/ST/STM32L4xx/Include/stm32l4xx.h:288,
                 from ../Core/Src/system_stm32l4xx.c:91:
../Drivers/STM32L4xx_HAL_Driver/Inc/stm32l4xx_hal_tim.h:1004: warning: "TIM_OCMODE_ASSYMETRIC_PWM1" redefined
 1004 | #define TIM_OCMODE_ASSYMETRIC_PWM1         (TIM_CCMR1_OC1M_3 | TIM_CCMR1_OC1M_1 | TIM_CCMR1_OC1M_2)  /*!< Asymmetric PWM mode 1                  */
      | 
In file included from ../Drivers/STM32L4xx_HAL_Driver/Inc/stm32l4xx_hal_def.h:30,
                 from ../Drivers/STM32L4xx_HAL_Driver/Inc/stm32l4xx_hal_rcc.h:27,
                 from ../Core/Inc/stm32l4xx_hal_conf.h:258:
../Drivers/STM32L4xx_HAL_Driver/Inc/Legacy/stm32_hal_legacy.h:4258: note: this is the location of the previous definition
 4258 | #define TIM_OCMODE_ASSYMETRIC_PWM1      TIM_OCMODE_ASYMMETRIC_PWM1
      | 
../Drivers/STM32L4xx_HAL_Driver/Inc/stm32l4xx_hal_tim.h:1005: warning: "TIM_OCMODE_ASSYMETRIC_PWM2" redefined
 1005 | #define TIM_OCMODE_ASSYMETRIC_PWM2         TIM_CCMR1_OC1M                                            /*!< Asymmetric PWM mode 2                  */
      | 
../Drivers/STM32L4xx_HAL_Driver/Inc/Legacy/stm32_hal_legacy.h:4259: note: this is the location of the previous definition
 4259 | #define TIM_OCMODE_ASSYMETRIC_PWM2      TIM_OCMODE_ASYMMETRIC_PWM2
      | 
"make -j8 all" terminated with exit code 2. Build might be incomplete.

17:47:53 Build Failed. 38 errors, 55 warnings. (took 13s.222ms)

